info: Express server listening on port 9801
{ status: 200, message: 'Success' }
[90mPOST /login [32m200 [90m307ms - 1.71kb[0m
Body : { searchText: 'cond:spondylitis,rslt:With&limit=2',
  sessionToken: '2cc75321-b2fd-140a-8fb2-d6087918c5c5' }
Body : http://api.lillycoi.com/v1/trials/search.json?query=cond:spondylitis,rslt:With&limit=2
-----------------------------  Response ---------------------------------
{ status: 200, message: 'Success' }
--------------------------  Response END ---------------------------------
[90mPOST /search [32m200 [90m692ms[0m
Body : {}
Path : '/search/2cc75321-b2fd-140a-8fb2-d6087918c5c5'
Query : {}
Session Token : 2cc75321-b2fd-140a-8fb2-d6087918c5c5
-----------------------------  Response ---------------------------------
[ { _id: 5468f5a70d327d0000186e0b,
    search_text: 'cond:spondylitis,rslt:With&limit=2',
    session_token: '2cc75321-b2fd-140a-8fb2-d6087918c5c5',
    __v: 0,
    ctcs: [ { nct_id: 'NCT00273858' }, { nct_id: 'NCT01188655' } ] } ]
--------------------------  Response END ---------------------------------
[90mGET /search/2cc75321-b2fd-140a-8fb2-d6087918c5c5 [32m200 [90m7ms[0m
{"level":"info","message":"Express server listening on port 9801","timestamp":"2014-11-16T19:08:07.879Z"}
{"level":"info","message":"Express server listening on port 9801","timestamp":"2014-11-16T19:09:26.308Z"}
{"level":"info","message":"Express server listening on port 9801","timestamp":"2014-11-16T19:09:51.744Z"}
{"level":"info","message":"Express server listening on port 9801","timestamp":"2014-11-16T19:10:57.407Z"}
{"level":"info","message":"Express server listening on port 9801","timestamp":"2014-11-16T19:11:26.855Z"}
{"level":"info","message":"Express server listening on port 9801","timestamp":"2014-11-16T19:12:20.773Z"}
{"level":"info","message":"Express server listening on port 9801","timestamp":"2014-11-16T19:16:54.117Z"}
{"level":"info","message":"Express server listening on port 9801","timestamp":"2014-11-16T19:17:54.669Z"}
{"level":"info","message":"Express server listening on port 9801","timestamp":"2014-11-16T19:18:39.304Z"}
{"level":"info","message":"Express server listening on port 9801","timestamp":"2014-11-16T19:20:14.098Z"}
{"level":"info","message":"Express server listening on port 9801","timestamp":"2014-11-16T19:21:27.241Z"}
{"level":"info","message":"Express server listening on port 9801","timestamp":"2014-11-16T19:23:00.881Z"}
{"level":"info","message":"Express server listening on port 9801","timestamp":"2014-11-16T19:25:18.352Z"}
{"level":"info","message":"Express server listening on port 9801","timestamp":"2014-11-16T19:25:59.634Z"}
{"level":"info","message":"Express server listening on port 9801","timestamp":"2014-11-16T19:27:17.191Z"}
{"level":"info","message":"Express server listening on port 9801","timestamp":"2014-11-16T19:43:55.323Z"}
{"level":"info","message":"Express server listening on port 9801","timestamp":"2014-11-17T16:29:30.219Z"}
{"level":"info","message":"Express server listening on port 9801","timestamp":"2014-11-18T13:21:21.144Z"}
{"level":"info","message":"Express server listening on port 9801","timestamp":"2014-11-18T13:38:59.124Z"}
{"level":"info","message":"Express server listening on port 9801","timestamp":"2014-11-18T13:39:13.589Z"}
{"level":"info","message":"Express server listening on port 9801","timestamp":"2014-11-18T13:39:46.538Z"}
{"level":"info","message":"Express server listening on port 9801","timestamp":"2014-11-18T13:41:26.652Z"}
{"level":"info","message":"Express server listening on port 9801","timestamp":"2014-11-18T13:50:11.861Z"}
{"level":"info","message":"Express server listening on port 9801","timestamp":"2014-11-18T14:31:22.466Z"}
{"level":"info","message":"Express server listening on port 9801","timestamp":"2014-11-18T14:36:09.989Z"}
{"level":"info","message":"Express server listening on port 9801","timestamp":"2014-11-18T15:00:26.483Z"}
{"level":"info","message":"Express server listening on port 9801","timestamp":"2014-11-18T16:27:15.891Z"}
{"level":"info","message":"Express server listening on port 9801","timestamp":"2014-11-18T16:27:38.129Z"}
{"level":"info","message":"Express server listening on port 9801","timestamp":"2014-11-18T16:30:06.124Z"}
{"level":"info","message":"Express server listening on port 9801","timestamp":"2014-11-18T17:30:29.448Z"}
{"level":"info","message":"Express server listening on port 9801","timestamp":"2014-11-18T17:31:26.094Z"}
{"level":"info","message":"Express server listening on port 9801","timestamp":"2014-11-18T17:33:22.789Z"}
{"level":"info","message":"Express server listening on port 5050","timestamp":"2014-11-19T21:24:06.553Z"}
{"level":"info","message":"Express server listening on port 9801","timestamp":"2014-11-19T21:24:19.446Z"}
{"level":"info","message":"Express server listening on port 9801","timestamp":"2014-11-19T21:27:49.306Z"}
{"level":"info","message":"Express server listening on port 9801","timestamp":"2014-11-19T21:30:51.732Z"}
{"level":"info","message":"Express server listening on port 9801","timestamp":"2014-11-20T15:45:57.188Z"}
{"level":"info","message":"Express server listening on port 9801","timestamp":"2014-11-20T16:40:39.688Z"}
{"level":"info","message":"Express server listening on port 9801","timestamp":"2014-11-20T16:42:43.746Z"}
{"level":"info","message":"Express server listening on port 9801","timestamp":"2014-11-20T16:43:29.098Z"}
{"level":"info","message":"Express server listening on port 9801","timestamp":"2014-11-20T17:32:42.315Z"}
{"level":"info","message":"Express server listening on port 9801","timestamp":"2014-11-20T17:34:10.789Z"}
{"level":"info","message":"Express server listening on port 9801","timestamp":"2014-11-20T18:10:37.072Z"}
{"level":"info","message":"Express server listening on port 9801","timestamp":"2014-11-20T18:25:31.755Z"}
{"level":"info","message":"Express server listening on port 9801","timestamp":"2014-11-20T18:25:55.408Z"}
{"level":"info","message":"Express server listening on port 9801","timestamp":"2014-11-20T18:26:32.733Z"}
{"level":"info","message":"Express server listening on port 9801","timestamp":"2014-11-20T18:28:56.008Z"}
{"level":"info","message":"Express server listening on port 9801","timestamp":"2014-11-20T22:04:39.509Z"}
{"level":"info","message":"Express server listening on port 9801","timestamp":"2014-11-20T22:10:15.663Z"}
{"level":"info","message":"Express server listening on port 9801","timestamp":"2014-11-20T22:36:33.541Z"}
{"level":"info","message":"Express server listening on port 9801","timestamp":"2014-11-21T00:34:00.080Z"}
{"level":"info","message":"Express server listening on port 9801","timestamp":"2014-11-21T00:36:24.804Z"}
{"level":"info","message":"Express server listening on port 9801","timestamp":"2014-11-21T17:12:22.493Z"}
{"level":"info","message":"Express server listening on port 9801","timestamp":"2014-11-21T17:14:01.488Z"}
{"level":"info","message":"Express server listening on port 9801","timestamp":"2014-11-21T17:14:43.156Z"}
{"level":"info","message":"Express server listening on port 9801","timestamp":"2014-11-21T19:44:01.993Z"}
{"level":"info","message":"Express server listening on port 9801","timestamp":"2014-11-21T19:44:43.863Z"}
{"level":"info","message":"Express server listening on port 9801","timestamp":"2014-11-21T19:45:24.452Z"}
{"level":"info","message":"Express server listening on port 9801","timestamp":"2014-11-21T19:46:15.242Z"}
{"level":"info","message":"Express server listening on port 9801","timestamp":"2014-11-21T19:46:56.122Z"}
{"level":"info","message":"Express server listening on port 9801","timestamp":"2014-11-21T19:47:41.882Z"}
{"level":"info","message":"Express server listening on port 9801","timestamp":"2014-11-21T19:50:47.675Z"}
{"level":"info","message":"Express server listening on port 9801","timestamp":"2014-11-21T19:52:25.487Z"}
{"level":"info","message":"Express server listening on port 9801","timestamp":"2014-11-21T19:54:26.545Z"}
{"level":"info","message":"Express server listening on port 9801","timestamp":"2014-11-21T19:55:00.037Z"}
{"level":"info","message":"Express server listening on port 9801","timestamp":"2014-11-21T19:56:37.577Z"}
{"level":"info","message":"Express server listening on port 9801","timestamp":"2014-11-21T19:57:45.069Z"}
{"level":"info","message":"Express server listening on port 9801","timestamp":"2014-11-21T19:59:02.773Z"}
{"level":"info","message":"Express server listening on port 9801","timestamp":"2014-11-21T20:00:47.212Z"}
{"level":"info","message":"Express server listening on port 9801","timestamp":"2014-11-21T20:02:13.992Z"}
{"level":"info","message":"Express server listening on port 9801","timestamp":"2014-11-22T12:13:32.417Z"}
{"level":"info","message":"Express server listening on port 9801","timestamp":"2014-11-22T12:14:09.669Z"}
{"level":"info","message":"Express server listening on port 9801","timestamp":"2014-11-22T12:29:26.845Z"}
{"level":"info","message":"Express server listening on port 9801","timestamp":"2014-11-22T12:30:14.446Z"}
{"level":"info","message":"Express server listening on port 9801","timestamp":"2014-11-22T12:31:38.880Z"}
{"level":"info","message":"Express server listening on port 9801","timestamp":"2014-11-22T13:12:41.094Z"}
{"level":"info","message":"Express server listening on port 9801","timestamp":"2014-11-22T13:13:58.039Z"}
{"level":"info","message":"Express server listening on port 9801","timestamp":"2014-11-22T13:15:42.716Z"}
{"level":"info","message":"Express server listening on port 9801","timestamp":"2014-11-22T13:16:18.533Z"}
{"level":"info","message":"Express server listening on port 9801","timestamp":"2014-11-22T13:17:06.473Z"}
{"level":"info","message":"Express server listening on port 9801","timestamp":"2014-11-22T13:34:00.439Z"}
{"level":"info","message":"Express server listening on port 9801","timestamp":"2014-11-22T13:35:16.950Z"}
{"level":"info","message":"Express server listening on port 9801","timestamp":"2014-11-22T13:41:55.865Z"}
{"level":"info","message":"Express server listening on port 9801","timestamp":"2014-11-22T13:47:31.029Z"}
{"level":"info","message":"Express server listening on port 9801","timestamp":"2014-11-22T13:48:09.357Z"}
{"level":"info","message":"Express server listening on port 9801","timestamp":"2014-11-22T14:13:28.216Z"}
{"level":"info","message":"Express server listening on port 9801","timestamp":"2014-11-22T14:32:52.151Z"}
{"level":"info","message":"Express server listening on port 9801","timestamp":"2014-11-22T16:52:26.485Z"}
{"level":"info","message":"Express server listening on port 9801","timestamp":"2014-11-22T16:55:41.884Z"}
{"level":"info","message":"Express server listening on port 9801","timestamp":"2014-11-22T16:57:12.287Z"}
{"level":"info","message":"Express server listening on port 9801","timestamp":"2014-11-22T16:59:05.218Z"}
{"level":"info","message":"Express server listening on port 9801","timestamp":"2014-11-22T16:59:49.062Z"}
{"level":"info","message":"Express server listening on port 9801","timestamp":"2014-11-22T17:01:13.252Z"}
{"level":"info","message":"Express server listening on port 9801","timestamp":"2014-11-22T17:02:39.610Z"}
{"level":"info","message":"Express server listening on port 9801","timestamp":"2014-11-22T17:06:28.375Z"}
{"level":"info","message":"Express server listening on port 9801","timestamp":"2014-11-22T17:07:46.500Z"}
{"level":"info","message":"Express server listening on port 9801","timestamp":"2014-11-22T17:09:59.924Z"}
{"level":"info","message":"Express server listening on port 9801","timestamp":"2014-11-22T19:42:09.331Z"}
{"level":"info","message":"Express server listening on port 9801","timestamp":"2014-11-22T19:48:22.329Z"}
{"level":"info","message":"Express server listening on port 9801","timestamp":"2014-11-22T19:54:33.226Z"}
{"level":"info","message":"Express server listening on port 9801","timestamp":"2014-11-22T19:58:45.466Z"}
{"level":"info","message":"Express server listening on port 9801","timestamp":"2014-11-22T20:01:38.366Z"}
{"level":"info","message":"Express server listening on port 9801","timestamp":"2014-11-22T20:07:29.320Z"}
{"level":"info","message":"Express server listening on port 9801","timestamp":"2014-11-22T20:56:51.590Z"}
{"level":"info","message":"Express server listening on port 9801","timestamp":"2014-11-22T21:03:44.988Z"}
{"level":"info","message":"Express server listening on port 9801","timestamp":"2014-11-22T21:05:18.008Z"}
{"level":"info","message":"Express server listening on port 9801","timestamp":"2014-11-22T21:08:14.297Z"}
{"level":"info","message":"Express server listening on port 9801","timestamp":"2014-11-22T21:09:17.666Z"}
{"level":"info","message":"Express server listening on port 9801","timestamp":"2014-11-22T21:09:37.152Z"}
{"level":"info","message":"Express server listening on port 9801","timestamp":"2014-11-22T21:18:33.177Z"}
{"level":"info","message":"Express server listening on port 9801","timestamp":"2014-11-22T21:20:49.151Z"}
{"level":"info","message":"Express server listening on port 9801","timestamp":"2014-11-22T21:27:27.934Z"}
{"level":"info","message":"Express server listening on port 9801","timestamp":"2014-11-22T21:38:03.048Z"}
{"level":"info","message":"Express server listening on port 9801","timestamp":"2014-11-22T21:44:00.907Z"}
{"level":"info","message":"Express server listening on port 9801","timestamp":"2014-11-23T15:01:29.305Z"}
{"level":"info","message":"Express server listening on port 9801","timestamp":"2014-11-23T15:03:56.771Z"}
{"level":"info","message":"Express server listening on port 9801","timestamp":"2014-11-23T15:06:30.241Z"}
{"level":"info","message":"Express server listening on port 9801","timestamp":"2014-11-23T15:28:41.639Z"}
{"level":"info","message":"Express server listening on port 9801","timestamp":"2014-11-23T15:29:41.456Z"}
{"level":"info","message":"Express server listening on port 9801","timestamp":"2014-11-23T15:30:36.440Z"}
{"level":"info","message":"Express server listening on port 9801","timestamp":"2014-11-23T15:44:19.118Z"}
{"level":"info","message":"Express server listening on port 9801","timestamp":"2014-11-23T15:45:04.030Z"}
{"level":"info","message":"Express server listening on port 9801","timestamp":"2014-11-23T15:46:06.430Z"}
{"level":"info","message":"Express server listening on port 9801","timestamp":"2014-11-23T15:53:56.615Z"}
{"level":"info","message":"Express server listening on port 9801","timestamp":"2014-11-23T15:59:12.694Z"}
{"level":"info","message":"Express server listening on port 9801","timestamp":"2014-11-23T15:59:33.015Z"}
{"level":"info","message":"Express server listening on port 9801","timestamp":"2014-11-23T16:15:15.907Z"}
{"level":"info","message":"Express server listening on port 9801","timestamp":"2014-11-24T13:56:52.110Z"}
{"level":"info","message":"Express server listening on port 9801","timestamp":"2014-11-24T13:58:41.151Z"}
{"level":"info","message":"Express server listening on port 9801","timestamp":"2014-11-24T14:03:47.592Z"}
{"level":"info","message":"Express server listening on port 9801","timestamp":"2014-11-24T14:13:18.117Z"}
{"level":"info","message":"Express server listening on port 9801","timestamp":"2014-11-24T14:22:36.545Z"}
{"level":"info","message":"Express server listening on port 9801","timestamp":"2014-11-24T14:25:00.576Z"}
{"level":"info","message":"Express server listening on port 9801","timestamp":"2014-11-24T14:27:26.994Z"}
{"level":"info","message":"Express server listening on port 9801","timestamp":"2014-11-24T14:49:36.037Z"}
{"level":"info","message":"Express server listening on port 9801","timestamp":"2014-11-24T14:55:37.595Z"}
{"level":"info","message":"Express server listening on port 9801","timestamp":"2014-11-25T17:37:35.299Z"}
{"level":"info","message":"Express server listening on port 9801","timestamp":"2014-11-25T17:40:30.815Z"}
{"level":"info","message":"Express server listening on port 9801","timestamp":"2014-11-25T17:42:08.693Z"}
{"level":"info","message":"Express server listening on port 9801","timestamp":"2014-11-25T17:44:04.713Z"}
{"level":"info","message":"Express server listening on port 9801","timestamp":"2014-11-25T17:50:25.709Z"}
{"level":"info","message":"Express server listening on port 9801","timestamp":"2014-11-25T17:53:02.471Z"}
{"level":"info","message":"Express server listening on port 9801","timestamp":"2014-11-25T18:07:57.476Z"}
{"level":"info","message":"Express server listening on port 9801","timestamp":"2014-11-25T18:17:14.279Z"}
{"level":"info","message":"Express server listening on port 9801","timestamp":"2014-11-25T18:19:42.693Z"}
{"level":"info","message":"Express server listening on port 9801","timestamp":"2014-11-25T18:30:38.111Z"}
{"level":"info","message":"Express server listening on port 9801","timestamp":"2014-11-25T20:22:49.643Z"}
{"level":"info","message":"Express server listening on port 9801","timestamp":"2014-11-25T20:48:10.153Z"}
{"level":"info","message":"Express server listening on port 9801","timestamp":"2014-11-25T21:01:22.459Z"}
{"level":"info","message":"Express server listening on port 9801","timestamp":"2014-11-25T21:02:20.497Z"}
{"level":"info","message":"Express server listening on port 9801","timestamp":"2014-11-25T21:03:39.994Z"}
{"level":"info","message":"Express server listening on port 9801","timestamp":"2014-11-25T21:10:24.564Z"}
{"level":"info","message":"Express server listening on port 9801","timestamp":"2014-11-25T22:08:36.580Z"}
{"level":"info","message":"Express server listening on port 9801","timestamp":"2014-11-26T00:05:17.540Z"}
{"level":"info","message":"Express server listening on port 9801","timestamp":"2014-11-26T00:14:28.029Z"}
{"level":"info","message":"Express server listening on port 9801","timestamp":"2014-11-26T00:19:03.781Z"}
{"level":"info","message":"Express server listening on port 9801","timestamp":"2014-11-26T00:32:24.540Z"}
{"level":"info","message":"Express server listening on port 9801","timestamp":"2014-11-26T00:37:57.878Z"}
{"level":"info","message":"Express server listening on port 9801","timestamp":"2014-11-26T00:53:40.997Z"}
{"level":"info","message":"Express server listening on port 9801","timestamp":"2014-11-26T00:55:57.834Z"}
{"level":"info","message":"Express server listening on port 9801","timestamp":"2014-11-26T00:57:25.115Z"}
{"level":"info","message":"Express server listening on port 9801","timestamp":"2014-11-26T01:19:48.800Z"}
{"level":"info","message":"Express server listening on port 9801","timestamp":"2014-11-26T01:20:39.226Z"}
{"level":"info","message":"Express server listening on port 9801","timestamp":"2014-11-26T01:31:52.592Z"}
{"level":"info","message":"Express server listening on port 9801","timestamp":"2014-11-26T02:11:59.309Z"}
{"level":"info","message":"Express server listening on port 9801","timestamp":"2014-11-26T02:15:10.105Z"}
{"level":"info","message":"Express server listening on port 9801","timestamp":"2014-11-26T02:16:18.086Z"}
{"level":"info","message":"Express server listening on port 9801","timestamp":"2014-11-26T02:35:50.989Z"}
{"level":"info","message":"Express server listening on port 9801","timestamp":"2014-11-26T02:41:45.826Z"}
{"level":"info","message":"Express server listening on port 9801","timestamp":"2014-11-26T02:49:16.535Z"}
{"level":"info","message":"Express server listening on port 9801","timestamp":"2014-11-26T02:50:08.725Z"}
{"level":"info","message":"Express server listening on port 9801","timestamp":"2014-11-26T15:47:56.050Z"}
{"level":"info","message":"Express server listening on port 9801","timestamp":"2014-11-26T15:51:20.644Z"}
{"level":"info","message":"Express server listening on port 9801","timestamp":"2014-11-26T15:51:24.492Z"}
{"level":"info","message":"Express server listening on port 9801","timestamp":"2014-11-26T15:52:12.846Z"}
{"level":"info","message":"Express server listening on port 9801","timestamp":"2014-11-26T15:53:06.492Z"}
{"level":"info","message":"Express server listening on port 9801","timestamp":"2014-11-26T15:53:58.070Z"}
{"level":"info","message":"Express server listening on port 9801","timestamp":"2014-11-26T15:55:05.454Z"}
{"level":"info","message":"Express server listening on port 9801","timestamp":"2014-11-26T15:58:47.258Z"}
{"level":"info","message":"Express server listening on port 9801","timestamp":"2014-11-26T16:03:12.873Z"}
{"level":"info","message":"Express server listening on port 9801","timestamp":"2014-11-26T16:09:24.635Z"}
{"level":"info","message":"Express server listening on port 9801","timestamp":"2014-11-26T16:13:00.529Z"}
{"level":"info","message":"Express server listening on port 9801","timestamp":"2014-11-26T16:13:25.514Z"}
{"level":"info","message":"Express server listening on port 9801","timestamp":"2014-11-26T16:18:21.428Z"}
{"level":"info","message":"Express server listening on port 9801","timestamp":"2014-11-26T16:19:14.109Z"}
{"level":"info","message":"Express server listening on port 9801","timestamp":"2014-11-26T16:23:13.769Z"}
{"level":"info","message":"Express server listening on port 9801","timestamp":"2014-11-26T16:34:32.053Z"}
{"level":"info","message":"Express server listening on port 9801","timestamp":"2014-11-26T16:35:09.860Z"}
{"level":"info","message":"Express server listening on port 9801","timestamp":"2014-11-26T16:39:48.327Z"}
{"level":"info","message":"Express server listening on port 9801","timestamp":"2014-11-26T16:42:55.901Z"}
{"level":"info","message":"Express server listening on port 9801","timestamp":"2014-11-26T16:45:11.413Z"}
{"level":"info","message":"Express server listening on port 9801","timestamp":"2014-11-26T16:47:43.960Z"}
{"level":"info","message":"Express server listening on port 9801","timestamp":"2014-11-26T16:54:55.889Z"}
{"level":"info","message":"Express server listening on port 9801","timestamp":"2014-11-26T17:00:22.747Z"}
{"level":"info","message":"Express server listening on port 9801","timestamp":"2014-11-26T18:21:24.034Z"}
{"level":"info","message":"Express server listening on port 9801","timestamp":"2014-11-26T18:24:27.187Z"}
