0 info it worked if it ends with ok
1 verbose cli [ 'node', '/usr/local/bin/npm', 'install', 'stanford-simple-nlp' ]
2 info using npm@1.4.14
3 info using node@v0.10.29
4 verbose readDependencies using package.json deps
5 verbose cache add [ 'stanford-simple-nlp', null ]
6 verbose cache add name=undefined spec="stanford-simple-nlp" args=["stanford-simple-nlp",null]
7 verbose parsed url { protocol: null,
7 verbose parsed url   slashes: null,
7 verbose parsed url   auth: null,
7 verbose parsed url   host: null,
7 verbose parsed url   port: null,
7 verbose parsed url   hostname: null,
7 verbose parsed url   hash: null,
7 verbose parsed url   search: null,
7 verbose parsed url   query: null,
7 verbose parsed url   pathname: 'stanford-simple-nlp',
7 verbose parsed url   path: 'stanford-simple-nlp',
7 verbose parsed url   href: 'stanford-simple-nlp' }
8 silly lockFile 6e97374b-stanford-simple-nlp stanford-simple-nlp
9 verbose lock stanford-simple-nlp /Users/GOPI/.npm/6e97374b-stanford-simple-nlp.lock
10 silly lockFile 6e97374b-stanford-simple-nlp stanford-simple-nlp
11 silly lockFile 6e97374b-stanford-simple-nlp stanford-simple-nlp
12 verbose addNamed [ 'stanford-simple-nlp', '' ]
13 verbose addNamed [ null, '*' ]
14 silly lockFile 3b6b1664-stanford-simple-nlp stanford-simple-nlp@
15 verbose lock stanford-simple-nlp@ /Users/GOPI/.npm/3b6b1664-stanford-simple-nlp.lock
16 silly addNameRange { name: 'stanford-simple-nlp', range: '*', hasData: false }
17 verbose url raw stanford-simple-nlp
18 verbose url resolving [ 'https://registry.npmjs.org/', './stanford-simple-nlp' ]
19 verbose url resolved https://registry.npmjs.org/stanford-simple-nlp
20 info trying registry request attempt 1 at 17:22:26
21 http GET https://registry.npmjs.org/stanford-simple-nlp
22 http 200 https://registry.npmjs.org/stanford-simple-nlp
23 silly registry.get cb [ 200,
23 silly registry.get   { date: 'Thu, 20 Nov 2014 22:22:27 GMT',
23 silly registry.get     server: 'CouchDB/1.5.0 (Erlang OTP/R16B03)',
23 silly registry.get     etag: '"19TAKRGKMAKTLXQ9RU2A8BBM"',
23 silly registry.get     'content-type': 'application/json',
23 silly registry.get     'cache-control': 'max-age=60',
23 silly registry.get     'content-length': '18025',
23 silly registry.get     'accept-ranges': 'bytes',
23 silly registry.get     via: '1.1 varnish',
23 silly registry.get     age: '0',
23 silly registry.get     'x-served-by': 'cache-ord1728-ORD',
23 silly registry.get     'x-cache': 'MISS',
23 silly registry.get     'x-cache-hits': '0',
23 silly registry.get     'x-timer': 'S1416522147.304138,VS0,VE411',
23 silly registry.get     vary: 'Accept',
23 silly registry.get     'keep-alive': 'timeout=10, max=50',
23 silly registry.get     connection: 'Keep-Alive' } ]
24 silly addNameRange number 2 { name: 'stanford-simple-nlp', range: '*', hasData: true }
25 silly addNameRange versions [ 'stanford-simple-nlp',
25 silly addNameRange   [ '0.0.1',
25 silly addNameRange     '0.0.2',
25 silly addNameRange     '0.0.3',
25 silly addNameRange     '0.0.4',
25 silly addNameRange     '0.0.5',
25 silly addNameRange     '0.0.6',
25 silly addNameRange     '0.0.7',
25 silly addNameRange     '0.0.8',
25 silly addNameRange     '0.1.0',
25 silly addNameRange     '0.1.1',
25 silly addNameRange     '0.1.2',
25 silly addNameRange     '0.2.1',
25 silly addNameRange     '0.2.2' ] ]
26 verbose addNamed [ 'stanford-simple-nlp', '0.2.2' ]
27 verbose addNamed [ '0.2.2', '0.2.2' ]
28 silly lockFile 208ce655-stanford-simple-nlp-0-2-2 stanford-simple-nlp@0.2.2
29 verbose lock stanford-simple-nlp@0.2.2 /Users/GOPI/.npm/208ce655-stanford-simple-nlp-0-2-2.lock
30 silly lockFile a0a25d88-lp-stanford-simple-nlp-0-2-2-tgz https://registry.npmjs.org/stanford-simple-nlp/-/stanford-simple-nlp-0.2.2.tgz
31 verbose lock https://registry.npmjs.org/stanford-simple-nlp/-/stanford-simple-nlp-0.2.2.tgz /Users/GOPI/.npm/a0a25d88-lp-stanford-simple-nlp-0-2-2-tgz.lock
32 verbose addRemoteTarball [ 'https://registry.npmjs.org/stanford-simple-nlp/-/stanford-simple-nlp-0.2.2.tgz',
32 verbose addRemoteTarball   'b1b7595df8443ba30fa8ea1d18b863c9e4907f42' ]
33 info retry fetch attempt 1 at 17:22:27
34 verbose fetch to= /Users/GOPI/tmp/npm-7451-ejsoWBjE/registry.npmjs.org/stanford-simple-nlp/-/stanford-simple-nlp-0.2.2.tgz
35 http GET https://registry.npmjs.org/stanford-simple-nlp/-/stanford-simple-nlp-0.2.2.tgz
36 http 200 https://registry.npmjs.org/stanford-simple-nlp/-/stanford-simple-nlp-0.2.2.tgz
37 silly lockFile a0a25d88-lp-stanford-simple-nlp-0-2-2-tgz https://registry.npmjs.org/stanford-simple-nlp/-/stanford-simple-nlp-0.2.2.tgz
38 silly lockFile a0a25d88-lp-stanford-simple-nlp-0-2-2-tgz https://registry.npmjs.org/stanford-simple-nlp/-/stanford-simple-nlp-0.2.2.tgz
39 silly lockFile 208ce655-stanford-simple-nlp-0-2-2 stanford-simple-nlp@0.2.2
40 silly lockFile 208ce655-stanford-simple-nlp-0-2-2 stanford-simple-nlp@0.2.2
41 silly lockFile 3b6b1664-stanford-simple-nlp stanford-simple-nlp@
42 silly lockFile 3b6b1664-stanford-simple-nlp stanford-simple-nlp@
43 silly resolved [ { name: 'stanford-simple-nlp',
43 silly resolved     version: '0.2.2',
43 silly resolved     author: { name: 'Taeho Kim', email: 'xissysnd@gmail.com' },
43 silly resolved     main: 'index',
43 silly resolved     dependencies: { 'coffee-script': '~1.7.1', java: '~0.2.4', xml2js: '~0.2.8' },
43 silly resolved     description: 'A simple node.js wrapper for Stanford CoreNLP.',
43 silly resolved     repository:
43 silly resolved      { type: 'git',
43 silly resolved        url: 'https://github.com/xissy/node-stanford-simple-nlp.git' },
43 silly resolved     bugs: { url: 'https://github.com/xissy/node-stanford-simple-nlp/issues' },
43 silly resolved     devDependencies: { should: '~1.2.2', mocha: '~1.12.0' },
43 silly resolved     directories: { test: 'test' },
43 silly resolved     scripts: { test: 'mocha --compilers coffee:coffee-script --require coffee-script/register --globals lw --recursive ./test -t 100000' },
43 silly resolved     _id: 'stanford-simple-nlp@0.2.2',
43 silly resolved     dist:
43 silly resolved      { shasum: 'b1b7595df8443ba30fa8ea1d18b863c9e4907f42',
43 silly resolved        tarball: 'http://registry.npmjs.org/stanford-simple-nlp/-/stanford-simple-nlp-0.2.2.tgz' },
43 silly resolved     _from: 'stanford-simple-nlp@',
43 silly resolved     _npmVersion: '1.3.11',
43 silly resolved     _npmUser: { name: 'xissy', email: 'xissysnd@gmail.com' },
43 silly resolved     maintainers: [ [Object] ],
43 silly resolved     _shasum: 'b1b7595df8443ba30fa8ea1d18b863c9e4907f42',
43 silly resolved     _resolved: 'https://registry.npmjs.org/stanford-simple-nlp/-/stanford-simple-nlp-0.2.2.tgz' } ]
44 info install stanford-simple-nlp@0.2.2 into /Users/GOPI/test
45 info installOne stanford-simple-nlp@0.2.2
46 info /Users/GOPI/test/node_modules/stanford-simple-nlp unbuild
47 verbose tar unpack /Users/GOPI/.npm/stanford-simple-nlp/0.2.2/package.tgz
48 silly lockFile 0a2be32f-node-modules-stanford-simple-nlp tar:///Users/GOPI/test/node_modules/stanford-simple-nlp
49 verbose lock tar:///Users/GOPI/test/node_modules/stanford-simple-nlp /Users/GOPI/.npm/0a2be32f-node-modules-stanford-simple-nlp.lock
50 silly lockFile b743695b-ord-simple-nlp-0-2-2-package-tgz tar:///Users/GOPI/.npm/stanford-simple-nlp/0.2.2/package.tgz
51 verbose lock tar:///Users/GOPI/.npm/stanford-simple-nlp/0.2.2/package.tgz /Users/GOPI/.npm/b743695b-ord-simple-nlp-0-2-2-package-tgz.lock
52 silly gunzTarPerm modes [ '755', '644' ]
53 silly gunzTarPerm extractEntry package.json
54 silly gunzTarPerm extractEntry .npmignore
55 silly gunzTarPerm extractEntry README.md
56 silly gunzTarPerm extractEntry LICENSE
57 silly gunzTarPerm extractEntry index.js
58 silly gunzTarPerm extractEntry jar/README.md
59 silly gunzTarPerm extractEntry lib/StanfordSimpleNLP.coffee
60 silly gunzTarPerm extractEntry lib/getParsedTree.coffee
61 silly gunzTarPerm extractEntry lib/index.coffee
62 silly gunzTarPerm extractEntry test/StanfordSimpleNLP.test.coffee
63 silly gunzTarPerm extractEntry test/getParsedTree.test.coffee
64 silly lockFile 0a2be32f-node-modules-stanford-simple-nlp tar:///Users/GOPI/test/node_modules/stanford-simple-nlp
65 silly lockFile 0a2be32f-node-modules-stanford-simple-nlp tar:///Users/GOPI/test/node_modules/stanford-simple-nlp
66 silly lockFile b743695b-ord-simple-nlp-0-2-2-package-tgz tar:///Users/GOPI/.npm/stanford-simple-nlp/0.2.2/package.tgz
67 silly lockFile b743695b-ord-simple-nlp-0-2-2-package-tgz tar:///Users/GOPI/.npm/stanford-simple-nlp/0.2.2/package.tgz
68 info preinstall stanford-simple-nlp@0.2.2
69 verbose readDependencies using package.json deps
70 verbose readDependencies using package.json deps
71 verbose cache add [ 'coffee-script@~1.7.1', null ]
72 verbose cache add name=undefined spec="coffee-script@~1.7.1" args=["coffee-script@~1.7.1",null]
73 verbose parsed url { protocol: null,
73 verbose parsed url   slashes: null,
73 verbose parsed url   auth: null,
73 verbose parsed url   host: null,
73 verbose parsed url   port: null,
73 verbose parsed url   hostname: null,
73 verbose parsed url   hash: null,
73 verbose parsed url   search: null,
73 verbose parsed url   query: null,
73 verbose parsed url   pathname: 'coffee-script@~1.7.1',
73 verbose parsed url   path: 'coffee-script@~1.7.1',
73 verbose parsed url   href: 'coffee-script@~1.7.1' }
74 verbose cache add [ 'java@~0.2.4', null ]
75 verbose cache add name=undefined spec="java@~0.2.4" args=["java@~0.2.4",null]
76 verbose parsed url { protocol: null,
76 verbose parsed url   slashes: null,
76 verbose parsed url   auth: null,
76 verbose parsed url   host: null,
76 verbose parsed url   port: null,
76 verbose parsed url   hostname: null,
76 verbose parsed url   hash: null,
76 verbose parsed url   search: null,
76 verbose parsed url   query: null,
76 verbose parsed url   pathname: 'java@~0.2.4',
76 verbose parsed url   path: 'java@~0.2.4',
76 verbose parsed url   href: 'java@~0.2.4' }
77 verbose cache add name="coffee-script" spec="~1.7.1" args=["coffee-script","~1.7.1"]
78 verbose parsed url { protocol: null,
78 verbose parsed url   slashes: null,
78 verbose parsed url   auth: null,
78 verbose parsed url   host: null,
78 verbose parsed url   port: null,
78 verbose parsed url   hostname: null,
78 verbose parsed url   hash: null,
78 verbose parsed url   search: null,
78 verbose parsed url   query: null,
78 verbose parsed url   pathname: '~1.7.1',
78 verbose parsed url   path: '~1.7.1',
78 verbose parsed url   href: '~1.7.1' }
79 verbose addNamed [ 'coffee-script', '~1.7.1' ]
80 verbose addNamed [ null, '>=1.7.1-0 <1.8.0-0' ]
81 silly lockFile f260707c-coffee-script-1-7-1 coffee-script@~1.7.1
82 verbose lock coffee-script@~1.7.1 /Users/GOPI/.npm/f260707c-coffee-script-1-7-1.lock
83 verbose cache add [ 'xml2js@~0.2.8', null ]
84 verbose cache add name=undefined spec="xml2js@~0.2.8" args=["xml2js@~0.2.8",null]
85 verbose parsed url { protocol: null,
85 verbose parsed url   slashes: null,
85 verbose parsed url   auth: null,
85 verbose parsed url   host: null,
85 verbose parsed url   port: null,
85 verbose parsed url   hostname: null,
85 verbose parsed url   hash: null,
85 verbose parsed url   search: null,
85 verbose parsed url   query: null,
85 verbose parsed url   pathname: 'xml2js@~0.2.8',
85 verbose parsed url   path: 'xml2js@~0.2.8',
85 verbose parsed url   href: 'xml2js@~0.2.8' }
86 verbose cache add name="java" spec="~0.2.4" args=["java","~0.2.4"]
87 verbose parsed url { protocol: null,
87 verbose parsed url   slashes: null,
87 verbose parsed url   auth: null,
87 verbose parsed url   host: null,
87 verbose parsed url   port: null,
87 verbose parsed url   hostname: null,
87 verbose parsed url   hash: null,
87 verbose parsed url   search: null,
87 verbose parsed url   query: null,
87 verbose parsed url   pathname: '~0.2.4',
87 verbose parsed url   path: '~0.2.4',
87 verbose parsed url   href: '~0.2.4' }
88 verbose addNamed [ 'java', '~0.2.4' ]
89 verbose addNamed [ null, '>=0.2.4-0 <0.3.0-0' ]
90 silly lockFile c7aeb939-java-0-2-4 java@~0.2.4
91 verbose lock java@~0.2.4 /Users/GOPI/.npm/c7aeb939-java-0-2-4.lock
92 verbose cache add name="xml2js" spec="~0.2.8" args=["xml2js","~0.2.8"]
93 verbose parsed url { protocol: null,
93 verbose parsed url   slashes: null,
93 verbose parsed url   auth: null,
93 verbose parsed url   host: null,
93 verbose parsed url   port: null,
93 verbose parsed url   hostname: null,
93 verbose parsed url   hash: null,
93 verbose parsed url   search: null,
93 verbose parsed url   query: null,
93 verbose parsed url   pathname: '~0.2.8',
93 verbose parsed url   path: '~0.2.8',
93 verbose parsed url   href: '~0.2.8' }
94 verbose addNamed [ 'xml2js', '~0.2.8' ]
95 verbose addNamed [ null, '>=0.2.8-0 <0.3.0-0' ]
96 silly lockFile 977406b2-xml2js-0-2-8 xml2js@~0.2.8
97 verbose lock xml2js@~0.2.8 /Users/GOPI/.npm/977406b2-xml2js-0-2-8.lock
98 silly addNameRange { name: 'coffee-script',
98 silly addNameRange   range: '>=1.7.1-0 <1.8.0-0',
98 silly addNameRange   hasData: false }
99 silly addNameRange { name: 'java', range: '>=0.2.4-0 <0.3.0-0', hasData: false }
100 silly addNameRange { name: 'xml2js', range: '>=0.2.8-0 <0.3.0-0', hasData: false }
101 verbose url raw java
102 verbose url resolving [ 'https://registry.npmjs.org/', './java' ]
103 verbose url resolved https://registry.npmjs.org/java
104 info trying registry request attempt 1 at 17:22:27
105 http GET https://registry.npmjs.org/java
106 verbose url raw xml2js
107 verbose url resolving [ 'https://registry.npmjs.org/', './xml2js' ]
108 verbose url resolved https://registry.npmjs.org/xml2js
109 info trying registry request attempt 1 at 17:22:27
110 http GET https://registry.npmjs.org/xml2js
111 verbose url raw coffee-script
112 verbose url resolving [ 'https://registry.npmjs.org/', './coffee-script' ]
113 verbose url resolved https://registry.npmjs.org/coffee-script
114 info trying registry request attempt 1 at 17:22:27
115 verbose etag "BR3MB341TBV418S11THAPFMX3"
116 http GET https://registry.npmjs.org/coffee-script
117 http 200 https://registry.npmjs.org/coffee-script
118 silly registry.get cb [ 200,
118 silly registry.get   { date: 'Thu, 20 Nov 2014 22:22:28 GMT',
118 silly registry.get     server: 'CouchDB/1.5.0 (Erlang OTP/R14B04)',
118 silly registry.get     etag: '"BDCCVZ7OGMMTN45C5NWNFR7ZO"',
118 silly registry.get     'content-type': 'application/json',
118 silly registry.get     'cache-control': 'max-age=60',
118 silly registry.get     'content-length': '32547',
118 silly registry.get     'accept-ranges': 'bytes',
118 silly registry.get     via: '1.1 varnish',
118 silly registry.get     age: '50',
118 silly registry.get     'x-served-by': 'cache-ord1720-ORD',
118 silly registry.get     'x-cache': 'HIT',
118 silly registry.get     'x-cache-hits': '4',
118 silly registry.get     'x-timer': 'S1416522148.513662,VS0,VE0',
118 silly registry.get     vary: 'Accept',
118 silly registry.get     'keep-alive': 'timeout=10, max=50',
118 silly registry.get     connection: 'Keep-Alive' } ]
119 silly addNameRange number 2 { name: 'coffee-script',
119 silly addNameRange   range: '>=1.7.1-0 <1.8.0-0',
119 silly addNameRange   hasData: true }
120 silly addNameRange versions [ 'coffee-script',
120 silly addNameRange   [ '0.7.0',
120 silly addNameRange     '0.7.1',
120 silly addNameRange     '0.7.2',
120 silly addNameRange     '0.9.0',
120 silly addNameRange     '0.9.1',
120 silly addNameRange     '0.9.2',
120 silly addNameRange     '0.9.3',
120 silly addNameRange     '0.9.4',
120 silly addNameRange     '0.9.5',
120 silly addNameRange     '0.9.6',
120 silly addNameRange     '1.0.0',
120 silly addNameRange     '1.0.1',
120 silly addNameRange     '1.1.0',
120 silly addNameRange     '1.1.1',
120 silly addNameRange     '1.1.2',
120 silly addNameRange     '1.1.3',
120 silly addNameRange     '1.2.0',
120 silly addNameRange     '1.3.0',
120 silly addNameRange     '1.3.1',
120 silly addNameRange     '1.3.2',
120 silly addNameRange     '1.3.3',
120 silly addNameRange     '1.4.0',
120 silly addNameRange     '1.5.0',
120 silly addNameRange     '1.6.0',
120 silly addNameRange     '1.6.1',
120 silly addNameRange     '1.6.2',
120 silly addNameRange     '1.6.3',
120 silly addNameRange     '1.7.0',
120 silly addNameRange     '1.7.1',
120 silly addNameRange     '1.8.0' ] ]
121 verbose addNamed [ 'coffee-script', '1.7.1' ]
122 verbose addNamed [ '1.7.1', '1.7.1' ]
123 silly lockFile 66cb63a1-coffee-script-1-7-1 coffee-script@1.7.1
124 verbose lock coffee-script@1.7.1 /Users/GOPI/.npm/66cb63a1-coffee-script-1-7-1.lock
125 silly lockFile 66cb63a1-coffee-script-1-7-1 coffee-script@1.7.1
126 silly lockFile 66cb63a1-coffee-script-1-7-1 coffee-script@1.7.1
127 silly lockFile f260707c-coffee-script-1-7-1 coffee-script@~1.7.1
128 silly lockFile f260707c-coffee-script-1-7-1 coffee-script@~1.7.1
129 http 200 https://registry.npmjs.org/xml2js
130 silly registry.get cb [ 200,
130 silly registry.get   { date: 'Thu, 20 Nov 2014 22:22:28 GMT',
130 silly registry.get     server: 'CouchDB/1.5.0 (Erlang OTP/R16B03)',
130 silly registry.get     etag: '"3GBD1FG2FYNHB994M7FKKUPGP"',
130 silly registry.get     'content-type': 'application/json',
130 silly registry.get     'cache-control': 'max-age=60',
130 silly registry.get     'content-length': '66869',
130 silly registry.get     'accept-ranges': 'bytes',
130 silly registry.get     via: '1.1 varnish',
130 silly registry.get     age: '0',
130 silly registry.get     'x-served-by': 'cache-ord1727-ORD',
130 silly registry.get     'x-cache': 'HIT',
130 silly registry.get     'x-cache-hits': '1',
130 silly registry.get     'x-timer': 'S1416522148.487465,VS0,VE45',
130 silly registry.get     vary: 'Accept',
130 silly registry.get     'keep-alive': 'timeout=10, max=50',
130 silly registry.get     connection: 'Keep-Alive' } ]
131 silly addNameRange number 2 { name: 'xml2js', range: '>=0.2.8-0 <0.3.0-0', hasData: true }
132 silly addNameRange versions [ 'xml2js',
132 silly addNameRange   [ '0.1.0',
132 silly addNameRange     '0.1.1',
132 silly addNameRange     '0.1.2',
132 silly addNameRange     '0.1.3',
132 silly addNameRange     '0.1.4',
132 silly addNameRange     '0.1.5',
132 silly addNameRange     '0.1.6',
132 silly addNameRange     '0.1.7',
132 silly addNameRange     '0.1.8',
132 silly addNameRange     '0.1.9',
132 silly addNameRange     '0.1.10',
132 silly addNameRange     '0.1.11',
132 silly addNameRange     '0.1.12',
132 silly addNameRange     '0.1.13',
132 silly addNameRange     '0.1.14',
132 silly addNameRange     '0.2.0',
132 silly addNameRange     '0.2.1',
132 silly addNameRange     '0.2.2',
132 silly addNameRange     '0.2.3',
132 silly addNameRange     '0.2.4',
132 silly addNameRange     '0.2.5',
132 silly addNameRange     '0.2.6',
132 silly addNameRange     '0.2.7',
132 silly addNameRange     '0.2.8',
132 silly addNameRange     '0.4.0',
132 silly addNameRange     '0.4.1',
132 silly addNameRange     '0.4.2',
132 silly addNameRange     '0.4.3',
132 silly addNameRange     '0.4.4' ] ]
133 verbose addNamed [ 'xml2js', '0.2.8' ]
134 verbose addNamed [ '0.2.8', '0.2.8' ]
135 silly lockFile 21bf8c0b-xml2js-0-2-8 xml2js@0.2.8
136 verbose lock xml2js@0.2.8 /Users/GOPI/.npm/21bf8c0b-xml2js-0-2-8.lock
137 silly lockFile 1fd850ca-pmjs-org-xml2js-xml2js-0-2-8-tgz https://registry.npmjs.org/xml2js/-/xml2js-0.2.8.tgz
138 verbose lock https://registry.npmjs.org/xml2js/-/xml2js-0.2.8.tgz /Users/GOPI/.npm/1fd850ca-pmjs-org-xml2js-xml2js-0-2-8-tgz.lock
139 verbose addRemoteTarball [ 'https://registry.npmjs.org/xml2js/-/xml2js-0.2.8.tgz',
139 verbose addRemoteTarball   '9b81690931631ff09d1957549faf54f4f980b3c2' ]
140 info retry fetch attempt 1 at 17:22:28
141 verbose fetch to= /Users/GOPI/tmp/npm-7451-ejsoWBjE/registry.npmjs.org/xml2js/-/xml2js-0.2.8.tgz
142 http GET https://registry.npmjs.org/xml2js/-/xml2js-0.2.8.tgz
143 http 200 https://registry.npmjs.org/xml2js/-/xml2js-0.2.8.tgz
144 http 200 https://registry.npmjs.org/java
145 silly registry.get cb [ 200,
145 silly registry.get   { date: 'Thu, 20 Nov 2014 22:22:28 GMT',
145 silly registry.get     server: 'CouchDB/1.5.0 (Erlang OTP/R16B03)',
145 silly registry.get     etag: '"AEETDC9XJW3J07B4DKEEQ6JI8"',
145 silly registry.get     'content-type': 'application/json',
145 silly registry.get     'cache-control': 'max-age=60',
145 silly registry.get     'content-length': '55235',
145 silly registry.get     'accept-ranges': 'bytes',
145 silly registry.get     via: '1.1 varnish',
145 silly registry.get     age: '0',
145 silly registry.get     'x-served-by': 'cache-ord1734-ORD',
145 silly registry.get     'x-cache': 'MISS',
145 silly registry.get     'x-cache-hits': '0',
145 silly registry.get     'x-timer': 'S1416522148.525790,VS0,VE237',
145 silly registry.get     vary: 'Accept',
145 silly registry.get     'keep-alive': 'timeout=10, max=50',
145 silly registry.get     connection: 'Keep-Alive' } ]
146 silly addNameRange number 2 { name: 'java', range: '>=0.2.4-0 <0.3.0-0', hasData: true }
147 silly addNameRange versions [ 'java',
147 silly addNameRange   [ '0.0.1',
147 silly addNameRange     '0.0.2',
147 silly addNameRange     '0.0.3',
147 silly addNameRange     '0.0.4',
147 silly addNameRange     '0.0.5',
147 silly addNameRange     '0.0.6',
147 silly addNameRange     '0.1.0',
147 silly addNameRange     '0.1.1',
147 silly addNameRange     '0.1.2',
147 silly addNameRange     '0.1.3',
147 silly addNameRange     '0.2.0',
147 silly addNameRange     '0.2.1',
147 silly addNameRange     '0.2.2',
147 silly addNameRange     '0.2.3',
147 silly addNameRange     '0.2.4',
147 silly addNameRange     '0.2.5',
147 silly addNameRange     '0.2.6',
147 silly addNameRange     '0.2.7',
147 silly addNameRange     '0.2.8',
147 silly addNameRange     '0.2.9',
147 silly addNameRange     '0.3.0',
147 silly addNameRange     '0.3.1',
147 silly addNameRange     '0.3.2',
147 silly addNameRange     '0.3.3',
147 silly addNameRange     '0.3.4',
147 silly addNameRange     '0.3.5',
147 silly addNameRange     '0.3.6',
147 silly addNameRange     '0.4.0',
147 silly addNameRange     '0.4.1',
147 silly addNameRange     '0.4.2',
147 silly addNameRange     '0.4.3',
147 silly addNameRange     '0.4.4' ] ]
148 verbose addNamed [ 'java', '0.2.9' ]
149 verbose addNamed [ '0.2.9', '0.2.9' ]
150 silly lockFile 1e1dbba0-java-0-2-9 java@0.2.9
151 verbose lock java@0.2.9 /Users/GOPI/.npm/1e1dbba0-java-0-2-9.lock
152 silly lockFile 0f275df6-ry-npmjs-org-java-java-0-2-9-tgz https://registry.npmjs.org/java/-/java-0.2.9.tgz
153 verbose lock https://registry.npmjs.org/java/-/java-0.2.9.tgz /Users/GOPI/.npm/0f275df6-ry-npmjs-org-java-java-0-2-9-tgz.lock
154 verbose addRemoteTarball [ 'https://registry.npmjs.org/java/-/java-0.2.9.tgz',
154 verbose addRemoteTarball   '81f446974d797b2488de2acbb53f79ba2e586933' ]
155 info retry fetch attempt 1 at 17:22:28
156 verbose fetch to= /Users/GOPI/tmp/npm-7451-ejsoWBjE/registry.npmjs.org/java/-/java-0.2.9.tgz
157 http GET https://registry.npmjs.org/java/-/java-0.2.9.tgz
158 silly lockFile 1fd850ca-pmjs-org-xml2js-xml2js-0-2-8-tgz https://registry.npmjs.org/xml2js/-/xml2js-0.2.8.tgz
159 silly lockFile 1fd850ca-pmjs-org-xml2js-xml2js-0-2-8-tgz https://registry.npmjs.org/xml2js/-/xml2js-0.2.8.tgz
160 silly lockFile 21bf8c0b-xml2js-0-2-8 xml2js@0.2.8
161 silly lockFile 21bf8c0b-xml2js-0-2-8 xml2js@0.2.8
162 silly lockFile 977406b2-xml2js-0-2-8 xml2js@~0.2.8
163 silly lockFile 977406b2-xml2js-0-2-8 xml2js@~0.2.8
164 http 200 https://registry.npmjs.org/java/-/java-0.2.9.tgz
165 silly lockFile 0f275df6-ry-npmjs-org-java-java-0-2-9-tgz https://registry.npmjs.org/java/-/java-0.2.9.tgz
166 silly lockFile 0f275df6-ry-npmjs-org-java-java-0-2-9-tgz https://registry.npmjs.org/java/-/java-0.2.9.tgz
167 silly lockFile 1e1dbba0-java-0-2-9 java@0.2.9
168 silly lockFile 1e1dbba0-java-0-2-9 java@0.2.9
169 silly lockFile c7aeb939-java-0-2-4 java@~0.2.4
170 silly lockFile c7aeb939-java-0-2-4 java@~0.2.4
171 silly resolved [ { name: 'coffee-script',
171 silly resolved     description: 'Unfancy JavaScript',
171 silly resolved     keywords: [ 'javascript', 'language', 'coffeescript', 'compiler' ],
171 silly resolved     author: { name: 'Jeremy Ashkenas' },
171 silly resolved     version: '1.7.1',
171 silly resolved     license: 'MIT',
171 silly resolved     engines: { node: '>=0.8.0' },
171 silly resolved     directories: { lib: './lib/coffee-script' },
171 silly resolved     main: './lib/coffee-script/coffee-script',
171 silly resolved     bin: { coffee: './bin/coffee', cake: './bin/cake' },
171 silly resolved     scripts: { test: 'node ./bin/cake test' },
171 silly resolved     homepage: 'http://coffeescript.org',
171 silly resolved     bugs: { url: 'https://github.com/jashkenas/coffee-script/issues' },
171 silly resolved     repository:
171 silly resolved      { type: 'git',
171 silly resolved        url: 'git://github.com/jashkenas/coffee-script.git' },
171 silly resolved     devDependencies:
171 silly resolved      { 'uglify-js': '~2.2',
171 silly resolved        jison: '>=0.2.0',
171 silly resolved        'highlight.js': '~8.0.0',
171 silly resolved        underscore: '~1.5.2' },
171 silly resolved     dependencies: { mkdirp: '~0.3.5' },
171 silly resolved     _id: 'coffee-script@1.7.1',
171 silly resolved     dist:
171 silly resolved      { shasum: '62996a861780c75e6d5069d13822723b73404bfc',
171 silly resolved        tarball: 'http://registry.npmjs.org/coffee-script/-/coffee-script-1.7.1.tgz' },
171 silly resolved     _from: 'coffee-script@~1.7.1',
171 silly resolved     _npmVersion: '1.3.24',
171 silly resolved     _npmUser: { name: 'michaelficarra', email: 'npm@michael.ficarra.me' },
171 silly resolved     maintainers: [ [Object] ],
171 silly resolved     _shasum: '62996a861780c75e6d5069d13822723b73404bfc',
171 silly resolved     _resolved: 'https://registry.npmjs.org/coffee-script/-/coffee-script-1.7.1.tgz',
171 silly resolved     readme: 'ERROR: No README data found!' },
171 silly resolved   { name: 'xml2js',
171 silly resolved     description: 'Simple XML to JavaScript object converter.',
171 silly resolved     keywords: [ 'xml', 'json' ],
171 silly resolved     homepage: 'https://github.com/Leonidas-from-XIV/node-xml2js',
171 silly resolved     version: '0.2.8',
171 silly resolved     author:
171 silly resolved      { name: 'Marek Kubica',
171 silly resolved        email: 'marek@xivilization.net',
171 silly resolved        url: 'http://xivilization.net' },
171 silly resolved     contributors:
171 silly resolved      [ [Object],
171 silly resolved        [Object],
171 silly resolved        [Object],
171 silly resolved        [Object],
171 silly resolved        [Object],
171 silly resolved        [Object],
171 silly resolved        [Object],
171 silly resolved        [Object],
171 silly resolved        [Object],
171 silly resolved        [Object],
171 silly resolved        [Object],
171 silly resolved        [Object],
171 silly resolved        [Object],
171 silly resolved        [Object],
171 silly resolved        [Object],
171 silly resolved        [Object],
171 silly resolved        [Object],
171 silly resolved        [Object] ],
171 silly resolved     main: './lib/xml2js',
171 silly resolved     directories: { lib: './lib' },
171 silly resolved     scripts: { test: 'zap' },
171 silly resolved     repository:
171 silly resolved      { type: 'git',
171 silly resolved        url: 'https://github.com/Leonidas-from-XIV/node-xml2js.git' },
171 silly resolved     dependencies: { sax: '0.5.x' },
171 silly resolved     devDependencies: { 'coffee-script': '>=1.6.3', zap: '>=0.2.5', docco: '>=0.6.2' },
171 silly resolved     bugs: { url: 'https://github.com/Leonidas-from-XIV/node-xml2js/issues' },
171 silly resolved     _id: 'xml2js@0.2.8',
171 silly resolved     dist:
171 silly resolved      { shasum: '9b81690931631ff09d1957549faf54f4f980b3c2',
171 silly resolved        tarball: 'http://registry.npmjs.org/xml2js/-/xml2js-0.2.8.tgz' },
171 silly resolved     _from: 'xml2js@~0.2.8',
171 silly resolved     _npmVersion: '1.2.25',
171 silly resolved     _npmUser: { name: 'leonidas', email: 'marek@xivilization.net' },
171 silly resolved     maintainers: [ [Object] ],
171 silly resolved     _shasum: '9b81690931631ff09d1957549faf54f4f980b3c2',
171 silly resolved     _resolved: 'https://registry.npmjs.org/xml2js/-/xml2js-0.2.8.tgz' },
171 silly resolved   { name: 'java',
171 silly resolved     description: 'Bridge API to connect with existing Java APIs.',
171 silly resolved     author: { name: 'Joe Ferner', email: 'joe.ferner@nearinfinity.com' },
171 silly resolved     keywords: [ 'java', 'jvm', 'bridge' ],
171 silly resolved     version: '0.2.9',
171 silly resolved     engines: { node: '>=0.6.0' },
171 silly resolved     maintainers: [ [Object] ],
171 silly resolved     bugs: { url: 'https://github.com/nearinfinity/node-java/issues' },
171 silly resolved     license: 'MIT',
171 silly resolved     repository:
171 silly resolved      { type: 'git',
171 silly resolved        url: 'https://github.com/nearinfinity/node-java.git' },
171 silly resolved     dependencies: {},
171 silly resolved     devDependencies: { nodeunit: '~0.6.4', memwatch: '~0.2.0', async: '~0.1.22' },
171 silly resolved     scripts: { test: 'nodeunit test', install: 'node-gyp rebuild' },
171 silly resolved     main: './index.js',
171 silly resolved     gypfile: true,
171 silly resolved     _id: 'java@0.2.9',
171 silly resolved     dist:
171 silly resolved      { shasum: '81f446974d797b2488de2acbb53f79ba2e586933',
171 silly resolved        tarball: 'http://registry.npmjs.org/java/-/java-0.2.9.tgz' },
171 silly resolved     _from: 'java@~0.2.4',
171 silly resolved     _npmVersion: '1.3.5',
171 silly resolved     _npmUser: { name: 'joeferner', email: 'joe@fernsroth.com' },
171 silly resolved     directories: {},
171 silly resolved     _shasum: '81f446974d797b2488de2acbb53f79ba2e586933',
171 silly resolved     _resolved: 'https://registry.npmjs.org/java/-/java-0.2.9.tgz' } ]
172 info install coffee-script@1.7.1 into /Users/GOPI/test/node_modules/stanford-simple-nlp
173 info install xml2js@0.2.8 into /Users/GOPI/test/node_modules/stanford-simple-nlp
174 info install java@0.2.9 into /Users/GOPI/test/node_modules/stanford-simple-nlp
175 info installOne coffee-script@1.7.1
176 info installOne xml2js@0.2.8
177 info installOne java@0.2.9
178 info /Users/GOPI/test/node_modules/stanford-simple-nlp/node_modules/coffee-script unbuild
179 verbose tar unpack /Users/GOPI/.npm/coffee-script/1.7.1/package.tgz
180 silly lockFile ce534aca-e-nlp-node-modules-coffee-script tar:///Users/GOPI/test/node_modules/stanford-simple-nlp/node_modules/coffee-script
181 verbose lock tar:///Users/GOPI/test/node_modules/stanford-simple-nlp/node_modules/coffee-script /Users/GOPI/.npm/ce534aca-e-nlp-node-modules-coffee-script.lock
182 silly lockFile 8cebc701--coffee-script-1-7-1-package-tgz tar:///Users/GOPI/.npm/coffee-script/1.7.1/package.tgz
183 verbose lock tar:///Users/GOPI/.npm/coffee-script/1.7.1/package.tgz /Users/GOPI/.npm/8cebc701--coffee-script-1-7-1-package-tgz.lock
184 info /Users/GOPI/test/node_modules/stanford-simple-nlp/node_modules/xml2js unbuild
185 info /Users/GOPI/test/node_modules/stanford-simple-nlp/node_modules/java unbuild
186 silly gunzTarPerm modes [ '755', '644' ]
187 verbose tar unpack /Users/GOPI/.npm/xml2js/0.2.8/package.tgz
188 silly lockFile a6e76e6f-d-simple-nlp-node-modules-xml2js tar:///Users/GOPI/test/node_modules/stanford-simple-nlp/node_modules/xml2js
189 verbose lock tar:///Users/GOPI/test/node_modules/stanford-simple-nlp/node_modules/xml2js /Users/GOPI/.npm/a6e76e6f-d-simple-nlp-node-modules-xml2js.lock
190 silly lockFile 1262236a-OPI-npm-xml2js-0-2-8-package-tgz tar:///Users/GOPI/.npm/xml2js/0.2.8/package.tgz
191 verbose lock tar:///Users/GOPI/.npm/xml2js/0.2.8/package.tgz /Users/GOPI/.npm/1262236a-OPI-npm-xml2js-0-2-8-package-tgz.lock
192 verbose tar unpack /Users/GOPI/.npm/java/0.2.9/package.tgz
193 silly lockFile 8a5e288e-ord-simple-nlp-node-modules-java tar:///Users/GOPI/test/node_modules/stanford-simple-nlp/node_modules/java
194 verbose lock tar:///Users/GOPI/test/node_modules/stanford-simple-nlp/node_modules/java /Users/GOPI/.npm/8a5e288e-ord-simple-nlp-node-modules-java.lock
195 silly lockFile 4580acd9--GOPI-npm-java-0-2-9-package-tgz tar:///Users/GOPI/.npm/java/0.2.9/package.tgz
196 verbose lock tar:///Users/GOPI/.npm/java/0.2.9/package.tgz /Users/GOPI/.npm/4580acd9--GOPI-npm-java-0-2-9-package-tgz.lock
197 silly gunzTarPerm modes [ '755', '644' ]
198 silly gunzTarPerm modes [ '755', '644' ]
199 silly gunzTarPerm extractEntry package.json
200 silly gunzTarPerm extractEntry package.json
201 silly gunzTarPerm extractEntry .npmignore
202 silly gunzTarPerm extractEntry README
203 silly gunzTarPerm extractEntry package.json
204 silly gunzTarPerm extractEntry .npmignore
205 silly gunzTarPerm extractEntry README.md
206 silly gunzTarPerm extractEntry .npmignore
207 silly gunzTarPerm extractEntry README.md
208 silly gunzTarPerm extractEntry LICENSE
209 silly gunzTarPerm extractEntry register.js
210 silly gunzTarPerm extractEntry LICENSE
211 silly gunzTarPerm extractEntry LICENSE
212 silly gunzTarPerm extractEntry .travis.yml
213 silly gunzTarPerm extractEntry CNAME
214 silly gunzTarPerm extractEntry CONTRIBUTING.md
215 silly gunzTarPerm extractEntry index.js
216 silly gunzTarPerm extractEntry mnm.js
217 silly gunzTarPerm extractEntry 83.coffee
218 silly gunzTarPerm extractEntry bin/cake
219 silly gunzTarPerm extractEntry bin/coffee
220 silly gunzTarPerm extractEntry lib/coffee-script/browser.js
221 silly gunzTarPerm extractEntry lib/coffee-script/grammar.js
222 silly gunzTarPerm extractEntry canon.xml
223 silly gunzTarPerm extractEntry lib/xml2js.js
224 silly gunzTarPerm extractEntry lib/coffee-script/helpers.js
225 silly gunzTarPerm extractEntry lib/coffee-script/index.js
226 silly gunzTarPerm extractEntry testHelpers.js
227 silly gunzTarPerm extractEntry touch.py
228 silly gunzTarPerm extractEntry lib/coffee-script/lexer.js
229 silly gunzTarPerm extractEntry lib/coffee-script/command.js
230 silly gunzTarPerm extractEntry text.coffee
231 silly gunzTarPerm extractEntry text.xml
232 silly gunzTarPerm extractEntry jarjar.rule
233 silly gunzTarPerm extractEntry binding.gyp
234 silly gunzTarPerm extractEntry lib/coffee-script/optparse.js
235 silly gunzTarPerm extractEntry lib/coffee-script/parser.js
236 silly gunzTarPerm extractEntry commons-lang3-node-java.jar
237 silly gunzTarPerm extractEntry lib/coffee-script/register.js
238 silly gunzTarPerm extractEntry lib/coffee-script/repl.js
239 silly gunzTarPerm extractEntry lib/coffee-script/rewriter.js
240 silly gunzTarPerm extractEntry compile-java-code.sh
241 silly gunzTarPerm extractEntry projectFilesBackup/.idea/libraries/sass_stdlib.xml
242 silly gunzTarPerm extractEntry projectFilesBackup1/.idea/libraries/sass_stdlib.xml
243 silly gunzTarPerm extractEntry lib/coffee-script/coffee-script.js
244 silly gunzTarPerm extractEntry lib/coffee-script/scope.js
245 silly gunzTarPerm extractEntry src/methodCallBaton.cpp
246 silly gunzTarPerm extractEntry src/java.cpp
247 silly gunzTarPerm extractEntry src/javaObject.cpp
248 silly gunzTarPerm extractEntry lib/coffee-script/cake.js
249 silly gunzTarPerm extractEntry lib/coffee-script/sourcemap.js
250 silly gunzTarPerm extractEntry lib/coffee-script/nodes.js
251 silly lockFile a6e76e6f-d-simple-nlp-node-modules-xml2js tar:///Users/GOPI/test/node_modules/stanford-simple-nlp/node_modules/xml2js
252 silly lockFile a6e76e6f-d-simple-nlp-node-modules-xml2js tar:///Users/GOPI/test/node_modules/stanford-simple-nlp/node_modules/xml2js
253 silly lockFile 1262236a-OPI-npm-xml2js-0-2-8-package-tgz tar:///Users/GOPI/.npm/xml2js/0.2.8/package.tgz
254 silly lockFile 1262236a-OPI-npm-xml2js-0-2-8-package-tgz tar:///Users/GOPI/.npm/xml2js/0.2.8/package.tgz
255 info preinstall xml2js@0.2.8
256 verbose readDependencies using package.json deps
257 verbose readDependencies using package.json deps
258 verbose cache add [ 'sax@0.5.x', null ]
259 verbose cache add name=undefined spec="sax@0.5.x" args=["sax@0.5.x",null]
260 verbose parsed url { protocol: null,
260 verbose parsed url   slashes: null,
260 verbose parsed url   auth: null,
260 verbose parsed url   host: null,
260 verbose parsed url   port: null,
260 verbose parsed url   hostname: null,
260 verbose parsed url   hash: null,
260 verbose parsed url   search: null,
260 verbose parsed url   query: null,
260 verbose parsed url   pathname: 'sax@0.5.x',
260 verbose parsed url   path: 'sax@0.5.x',
260 verbose parsed url   href: 'sax@0.5.x' }
261 verbose cache add name="sax" spec="0.5.x" args=["sax","0.5.x"]
262 verbose parsed url { protocol: null,
262 verbose parsed url   slashes: null,
262 verbose parsed url   auth: null,
262 verbose parsed url   host: null,
262 verbose parsed url   port: null,
262 verbose parsed url   hostname: null,
262 verbose parsed url   hash: null,
262 verbose parsed url   search: null,
262 verbose parsed url   query: null,
262 verbose parsed url   pathname: '0.5.x',
262 verbose parsed url   path: '0.5.x',
262 verbose parsed url   href: '0.5.x' }
263 verbose addNamed [ 'sax', '0.5.x' ]
264 verbose addNamed [ null, '>=0.5.0-0 <0.6.0-0' ]
265 silly lockFile 6db52aec-sax-0-5-x sax@0.5.x
266 verbose lock sax@0.5.x /Users/GOPI/.npm/6db52aec-sax-0-5-x.lock
267 silly addNameRange { name: 'sax', range: '>=0.5.0-0 <0.6.0-0', hasData: false }
268 verbose url raw sax
269 verbose url resolving [ 'https://registry.npmjs.org/', './sax' ]
270 verbose url resolved https://registry.npmjs.org/sax
271 info trying registry request attempt 1 at 17:22:31
272 http GET https://registry.npmjs.org/sax
273 silly gunzTarPerm extractEntry src/javaObject.h
274 silly gunzTarPerm extractEntry src/javaScope.cpp
275 silly gunzTarPerm extractEntry src/javaScope.h
276 silly gunzTarPerm extractEntry src/java.h
277 silly gunzTarPerm extractEntry src/methodCallBaton.h
278 silly gunzTarPerm extractEntry src/nodeJavaBridge.cpp
279 silly gunzTarPerm extractEntry src/node_NodeDynamicProxyClass.h
280 silly gunzTarPerm extractEntry src/utils.cpp
281 silly gunzTarPerm extractEntry src/utils.h
282 silly gunzTarPerm extractEntry src-java/node/NodeDynamicProxyClass.class
283 silly gunzTarPerm extractEntry src-java/node/NodeDynamicProxyClass.java
284 silly gunzTarPerm extractEntry test/utils-types-test.js
285 silly lockFile ce534aca-e-nlp-node-modules-coffee-script tar:///Users/GOPI/test/node_modules/stanford-simple-nlp/node_modules/coffee-script
286 silly lockFile ce534aca-e-nlp-node-modules-coffee-script tar:///Users/GOPI/test/node_modules/stanford-simple-nlp/node_modules/coffee-script
287 silly lockFile 8cebc701--coffee-script-1-7-1-package-tgz tar:///Users/GOPI/.npm/coffee-script/1.7.1/package.tgz
288 silly lockFile 8cebc701--coffee-script-1-7-1-package-tgz tar:///Users/GOPI/.npm/coffee-script/1.7.1/package.tgz
289 info preinstall coffee-script@1.7.1
290 silly gunzTarPerm extractEntry test/simple-test.js
291 silly gunzTarPerm extractEntry test/javaObject-test.js
292 verbose readDependencies using package.json deps
293 verbose readDependencies using package.json deps
294 silly gunzTarPerm extractEntry test/java-staticField-test.js
295 silly gunzTarPerm extractEntry test/java-newInstance-test.js
296 verbose cache add [ 'mkdirp@~0.3.5', null ]
297 verbose cache add name=undefined spec="mkdirp@~0.3.5" args=["mkdirp@~0.3.5",null]
298 verbose parsed url { protocol: null,
298 verbose parsed url   slashes: null,
298 verbose parsed url   auth: null,
298 verbose parsed url   host: null,
298 verbose parsed url   port: null,
298 verbose parsed url   hostname: null,
298 verbose parsed url   hash: null,
298 verbose parsed url   search: null,
298 verbose parsed url   query: null,
298 verbose parsed url   pathname: 'mkdirp@~0.3.5',
298 verbose parsed url   path: 'mkdirp@~0.3.5',
298 verbose parsed url   href: 'mkdirp@~0.3.5' }
299 verbose cache add name="mkdirp" spec="~0.3.5" args=["mkdirp","~0.3.5"]
300 verbose parsed url { protocol: null,
300 verbose parsed url   slashes: null,
300 verbose parsed url   auth: null,
300 verbose parsed url   host: null,
300 verbose parsed url   port: null,
300 verbose parsed url   hostname: null,
300 verbose parsed url   hash: null,
300 verbose parsed url   search: null,
300 verbose parsed url   query: null,
300 verbose parsed url   pathname: '~0.3.5',
300 verbose parsed url   path: '~0.3.5',
300 verbose parsed url   href: '~0.3.5' }
301 verbose addNamed [ 'mkdirp', '~0.3.5' ]
302 verbose addNamed [ null, '>=0.3.5-0 <0.4.0-0' ]
303 silly lockFile c3f0fe9b-mkdirp-0-3-5 mkdirp@~0.3.5
304 verbose lock mkdirp@~0.3.5 /Users/GOPI/.npm/c3f0fe9b-mkdirp-0-3-5.lock
305 silly addNameRange { name: 'mkdirp', range: '>=0.3.5-0 <0.4.0-0', hasData: false }
306 silly gunzTarPerm extractEntry test/java-callStaticMethod-test.js
307 silly gunzTarPerm extractEntry test/instanceof-test.js
308 verbose url raw mkdirp
309 verbose url resolving [ 'https://registry.npmjs.org/', './mkdirp' ]
310 verbose url resolved https://registry.npmjs.org/mkdirp
311 info trying registry request attempt 1 at 17:22:31
312 verbose etag "8Z5QL0CBCC1VUA9RADLBGAJ89"
313 http GET https://registry.npmjs.org/mkdirp
314 silly gunzTarPerm extractEntry test/importClass-test.js
315 silly gunzTarPerm extractEntry test/dynamicProxy-test.js
316 silly gunzTarPerm extractEntry test/awt-test.js
317 silly gunzTarPerm extractEntry test/Test$SuperClass.class
318 silly gunzTarPerm extractEntry test/TestExceptions.java
319 silly gunzTarPerm extractEntry test/commons-lang3-3.1.jar
320 silly gunzTarPerm extractEntry test/TestExceptions.class
321 silly gunzTarPerm extractEntry test/Test.java
322 silly gunzTarPerm extractEntry test/Test.class
323 silly gunzTarPerm extractEntry test/RunInterface$Interface1Arg.class
324 silly gunzTarPerm extractEntry test/Test$SubClass.class
325 silly gunzTarPerm extractEntry test/RunInterface.java
326 silly gunzTarPerm extractEntry test/RunInterface.class
327 silly gunzTarPerm extractEntry test/nodejs.png
328 silly gunzTarPerm extractEntry test/RunInterface$InterfaceWithReturn.class
329 silly gunzTarPerm extractEntry test/RunInterface$Interface0Arg.class
330 silly gunzTarPerm extractEntry examples/lucene/example.js
331 silly gunzTarPerm extractEntry examples/lucene/lucene-core-3.5.0.jar
332 silly gunzTarPerm extractEntry examples/mixJavaAndNode/runMyClass.js
333 silly gunzTarPerm extractEntry examples/mixJavaAndNode/src/com/nearinfinity/nodeJava/MyClass.class
334 silly gunzTarPerm extractEntry examples/mixJavaAndNode/src/com/nearinfinity/nodeJava/MyClass.java
335 silly gunzTarPerm extractEntry lib/nodeJavaBridge.js
336 silly lockFile 8a5e288e-ord-simple-nlp-node-modules-java tar:///Users/GOPI/test/node_modules/stanford-simple-nlp/node_modules/java
337 silly lockFile 8a5e288e-ord-simple-nlp-node-modules-java tar:///Users/GOPI/test/node_modules/stanford-simple-nlp/node_modules/java
338 silly lockFile 4580acd9--GOPI-npm-java-0-2-9-package-tgz tar:///Users/GOPI/.npm/java/0.2.9/package.tgz
339 silly lockFile 4580acd9--GOPI-npm-java-0-2-9-package-tgz tar:///Users/GOPI/.npm/java/0.2.9/package.tgz
340 info preinstall java@0.2.9
341 verbose readDependencies using package.json deps
342 verbose readDependencies using package.json deps
343 silly resolved []
344 verbose about to build /Users/GOPI/test/node_modules/stanford-simple-nlp/node_modules/java
345 info build /Users/GOPI/test/node_modules/stanford-simple-nlp/node_modules/java
346 verbose linkStuff [ false,
346 verbose linkStuff   false,
346 verbose linkStuff   false,
346 verbose linkStuff   '/Users/GOPI/test/node_modules/stanford-simple-nlp/node_modules' ]
347 info linkStuff java@0.2.9
348 verbose linkBins java@0.2.9
349 verbose linkMans java@0.2.9
350 verbose rebuildBundles java@0.2.9
351 info install java@0.2.9
352 verbose unsafe-perm in lifecycle false
353 http 200 https://registry.npmjs.org/sax
354 silly registry.get cb [ 200,
354 silly registry.get   { date: 'Thu, 20 Nov 2014 22:22:32 GMT',
354 silly registry.get     server: 'CouchDB/1.5.0 (Erlang OTP/R16B03)',
354 silly registry.get     etag: '"E9BS32XRXJBP7EXEMTTA517VN"',
354 silly registry.get     'content-type': 'application/json',
354 silly registry.get     'cache-control': 'max-age=60',
354 silly registry.get     'content-length': '44619',
354 silly registry.get     'accept-ranges': 'bytes',
354 silly registry.get     via: '1.1 varnish',
354 silly registry.get     age: '42',
354 silly registry.get     'x-served-by': 'cache-ord1723-ORD',
354 silly registry.get     'x-cache': 'HIT',
354 silly registry.get     'x-cache-hits': '2',
354 silly registry.get     'x-timer': 'S1416522152.315642,VS0,VE0',
354 silly registry.get     vary: 'Accept',
354 silly registry.get     'keep-alive': 'timeout=10, max=50',
354 silly registry.get     connection: 'Keep-Alive' } ]
355 silly addNameRange number 2 { name: 'sax', range: '>=0.5.0-0 <0.6.0-0', hasData: true }
356 silly addNameRange versions [ 'sax',
356 silly addNameRange   [ '0.1.0',
356 silly addNameRange     '0.1.1',
356 silly addNameRange     '0.1.2',
356 silly addNameRange     '0.1.3',
356 silly addNameRange     '0.1.4',
356 silly addNameRange     '0.1.5',
356 silly addNameRange     '0.2.0',
356 silly addNameRange     '0.2.1',
356 silly addNameRange     '0.2.2',
356 silly addNameRange     '0.2.3',
356 silly addNameRange     '0.2.4',
356 silly addNameRange     '0.2.5',
356 silly addNameRange     '0.3.0',
356 silly addNameRange     '0.3.1',
356 silly addNameRange     '0.3.2',
356 silly addNameRange     '0.3.3',
356 silly addNameRange     '0.3.4',
356 silly addNameRange     '0.3.5',
356 silly addNameRange     '0.4.1',
356 silly addNameRange     '0.4.0',
356 silly addNameRange     '0.4.2',
356 silly addNameRange     '0.4.3',
356 silly addNameRange     '0.5.0',
356 silly addNameRange     '0.5.1',
356 silly addNameRange     '0.5.2',
356 silly addNameRange     '0.5.3',
356 silly addNameRange     '0.5.4',
356 silly addNameRange     '0.5.5',
356 silly addNameRange     '0.5.6',
356 silly addNameRange     '0.5.7',
356 silly addNameRange     '0.5.8',
356 silly addNameRange     '0.6.0',
356 silly addNameRange     '0.6.1' ] ]
357 verbose addNamed [ 'sax', '0.5.8' ]
358 verbose addNamed [ '0.5.8', '0.5.8' ]
359 silly lockFile c9464f8a-sax-0-5-8 sax@0.5.8
360 verbose lock sax@0.5.8 /Users/GOPI/.npm/c9464f8a-sax-0-5-8.lock
361 silly lockFile 83d4174f-stry-npmjs-org-sax-sax-0-5-8-tgz https://registry.npmjs.org/sax/-/sax-0.5.8.tgz
362 verbose lock https://registry.npmjs.org/sax/-/sax-0.5.8.tgz /Users/GOPI/.npm/83d4174f-stry-npmjs-org-sax-sax-0-5-8-tgz.lock
363 verbose addRemoteTarball [ 'https://registry.npmjs.org/sax/-/sax-0.5.8.tgz',
363 verbose addRemoteTarball   'd472db228eb331c2506b0e8c15524adb939d12c1' ]
364 info retry fetch attempt 1 at 17:22:31
365 verbose fetch to= /Users/GOPI/tmp/npm-7451-ejsoWBjE/registry.npmjs.org/sax/-/sax-0.5.8.tgz
366 http GET https://registry.npmjs.org/sax/-/sax-0.5.8.tgz
367 http 200 https://registry.npmjs.org/mkdirp
368 silly registry.get cb [ 200,
368 silly registry.get   { date: 'Thu, 20 Nov 2014 22:22:32 GMT',
368 silly registry.get     server: 'CouchDB/1.5.0 (Erlang OTP/R16B03)',
368 silly registry.get     etag: '"7FO8OVWPUQMRGI9KTI3CVPT7H"',
368 silly registry.get     'content-type': 'application/json',
368 silly registry.get     'cache-control': 'max-age=60',
368 silly registry.get     'content-length': '21690',
368 silly registry.get     'accept-ranges': 'bytes',
368 silly registry.get     via: '1.1 varnish',
368 silly registry.get     age: '4',
368 silly registry.get     'x-served-by': 'cache-ord1729-ORD',
368 silly registry.get     'x-cache': 'HIT',
368 silly registry.get     'x-cache-hits': '2',
368 silly registry.get     'x-timer': 'S1416522152.409725,VS0,VE0',
368 silly registry.get     vary: 'Accept',
368 silly registry.get     'keep-alive': 'timeout=10, max=50',
368 silly registry.get     connection: 'Keep-Alive' } ]
369 silly addNameRange number 2 { name: 'mkdirp', range: '>=0.3.5-0 <0.4.0-0', hasData: true }
370 silly addNameRange versions [ 'mkdirp',
370 silly addNameRange   [ '0.0.1',
370 silly addNameRange     '0.0.2',
370 silly addNameRange     '0.0.3',
370 silly addNameRange     '0.0.4',
370 silly addNameRange     '0.0.5',
370 silly addNameRange     '0.0.6',
370 silly addNameRange     '0.0.7',
370 silly addNameRange     '0.1.0',
370 silly addNameRange     '0.2.0',
370 silly addNameRange     '0.2.1',
370 silly addNameRange     '0.2.2',
370 silly addNameRange     '0.3.0',
370 silly addNameRange     '0.3.1',
370 silly addNameRange     '0.3.2',
370 silly addNameRange     '0.3.3',
370 silly addNameRange     '0.3.4',
370 silly addNameRange     '0.3.5',
370 silly addNameRange     '0.4.0',
370 silly addNameRange     '0.4.1',
370 silly addNameRange     '0.4.2',
370 silly addNameRange     '0.5.0' ] ]
371 verbose addNamed [ 'mkdirp', '0.3.5' ]
372 verbose addNamed [ '0.3.5', '0.3.5' ]
373 silly lockFile 67d2df2a-mkdirp-0-3-5 mkdirp@0.3.5
374 verbose lock mkdirp@0.3.5 /Users/GOPI/.npm/67d2df2a-mkdirp-0-3-5.lock
375 silly lockFile 67d2df2a-mkdirp-0-3-5 mkdirp@0.3.5
376 silly lockFile 67d2df2a-mkdirp-0-3-5 mkdirp@0.3.5
377 silly lockFile c3f0fe9b-mkdirp-0-3-5 mkdirp@~0.3.5
378 silly lockFile c3f0fe9b-mkdirp-0-3-5 mkdirp@~0.3.5
379 silly resolved [ { name: 'mkdirp',
379 silly resolved     description: 'Recursively mkdir, like `mkdir -p`',
379 silly resolved     version: '0.3.5',
379 silly resolved     author:
379 silly resolved      { name: 'James Halliday',
379 silly resolved        email: 'mail@substack.net',
379 silly resolved        url: 'http://substack.net' },
379 silly resolved     main: './index',
379 silly resolved     keywords: [ 'mkdir', 'directory' ],
379 silly resolved     repository:
379 silly resolved      { type: 'git',
379 silly resolved        url: 'http://github.com/substack/node-mkdirp.git' },
379 silly resolved     scripts: { test: 'tap test/*.js' },
379 silly resolved     devDependencies: { tap: '~0.4.0' },
379 silly resolved     license: 'MIT',
379 silly resolved     _id: 'mkdirp@0.3.5',
379 silly resolved     dist:
379 silly resolved      { shasum: 'de3e5f8961c88c787ee1368df849ac4413eca8d7',
379 silly resolved        tarball: 'http://registry.npmjs.org/mkdirp/-/mkdirp-0.3.5.tgz' },
379 silly resolved     _from: 'mkdirp@~0.3.5',
379 silly resolved     _npmVersion: '1.2.2',
379 silly resolved     _npmUser: { name: 'substack', email: 'mail@substack.net' },
379 silly resolved     maintainers: [ [Object] ],
379 silly resolved     directories: {},
379 silly resolved     _shasum: 'de3e5f8961c88c787ee1368df849ac4413eca8d7',
379 silly resolved     _resolved: 'https://registry.npmjs.org/mkdirp/-/mkdirp-0.3.5.tgz',
379 silly resolved     bugs: { url: 'https://github.com/substack/node-mkdirp/issues' },
379 silly resolved     readme: 'ERROR: No README data found!',
379 silly resolved     homepage: 'https://github.com/substack/node-mkdirp' } ]
380 info install mkdirp@0.3.5 into /Users/GOPI/test/node_modules/stanford-simple-nlp/node_modules/coffee-script
381 info installOne mkdirp@0.3.5
382 info /Users/GOPI/test/node_modules/stanford-simple-nlp/node_modules/coffee-script/node_modules/mkdirp unbuild
383 verbose tar unpack /Users/GOPI/.npm/mkdirp/0.3.5/package.tgz
384 silly lockFile c74b82b5-offee-script-node-modules-mkdirp tar:///Users/GOPI/test/node_modules/stanford-simple-nlp/node_modules/coffee-script/node_modules/mkdirp
385 verbose lock tar:///Users/GOPI/test/node_modules/stanford-simple-nlp/node_modules/coffee-script/node_modules/mkdirp /Users/GOPI/.npm/c74b82b5-offee-script-node-modules-mkdirp.lock
386 silly lockFile 1340ac92-OPI-npm-mkdirp-0-3-5-package-tgz tar:///Users/GOPI/.npm/mkdirp/0.3.5/package.tgz
387 verbose lock tar:///Users/GOPI/.npm/mkdirp/0.3.5/package.tgz /Users/GOPI/.npm/1340ac92-OPI-npm-mkdirp-0-3-5-package-tgz.lock
388 silly gunzTarPerm modes [ '755', '644' ]
389 silly gunzTarPerm extractEntry package.json
390 silly gunzTarPerm extractEntry .npmignore
391 silly gunzTarPerm extractEntry LICENSE
392 silly gunzTarPerm extractEntry index.js
393 silly gunzTarPerm extractEntry examples/pow.js
394 silly gunzTarPerm extractEntry readme.markdown
395 silly gunzTarPerm extractEntry test/perm.js
396 silly gunzTarPerm extractEntry test/perm_sync.js
397 silly gunzTarPerm extractEntry test/race.js
398 silly gunzTarPerm extractEntry test/rel.js
399 silly gunzTarPerm extractEntry test/return.js
400 silly gunzTarPerm extractEntry test/clobber.js
401 silly gunzTarPerm extractEntry test/root.js
402 silly gunzTarPerm extractEntry test/umask.js
403 silly gunzTarPerm extractEntry test/sync.js
404 silly gunzTarPerm extractEntry test/chmod.js
405 silly gunzTarPerm extractEntry test/umask_sync.js
406 silly gunzTarPerm extractEntry test/return_sync.js
407 silly gunzTarPerm extractEntry test/mkdirp.js
408 silly gunzTarPerm extractEntry .travis.yml
409 silly lockFile c74b82b5-offee-script-node-modules-mkdirp tar:///Users/GOPI/test/node_modules/stanford-simple-nlp/node_modules/coffee-script/node_modules/mkdirp
410 silly lockFile c74b82b5-offee-script-node-modules-mkdirp tar:///Users/GOPI/test/node_modules/stanford-simple-nlp/node_modules/coffee-script/node_modules/mkdirp
411 silly lockFile 1340ac92-OPI-npm-mkdirp-0-3-5-package-tgz tar:///Users/GOPI/.npm/mkdirp/0.3.5/package.tgz
412 silly lockFile 1340ac92-OPI-npm-mkdirp-0-3-5-package-tgz tar:///Users/GOPI/.npm/mkdirp/0.3.5/package.tgz
413 info preinstall mkdirp@0.3.5
414 verbose readDependencies using package.json deps
415 verbose readDependencies using package.json deps
416 silly resolved []
417 verbose about to build /Users/GOPI/test/node_modules/stanford-simple-nlp/node_modules/coffee-script/node_modules/mkdirp
418 info build /Users/GOPI/test/node_modules/stanford-simple-nlp/node_modules/coffee-script/node_modules/mkdirp
419 verbose linkStuff [ false,
419 verbose linkStuff   false,
419 verbose linkStuff   false,
419 verbose linkStuff   '/Users/GOPI/test/node_modules/stanford-simple-nlp/node_modules/coffee-script/node_modules' ]
420 info linkStuff mkdirp@0.3.5
421 verbose linkBins mkdirp@0.3.5
422 verbose linkMans mkdirp@0.3.5
423 verbose rebuildBundles mkdirp@0.3.5
424 info install mkdirp@0.3.5
425 info postinstall mkdirp@0.3.5
426 verbose about to build /Users/GOPI/test/node_modules/stanford-simple-nlp/node_modules/coffee-script
427 info build /Users/GOPI/test/node_modules/stanford-simple-nlp/node_modules/coffee-script
428 verbose linkStuff [ false,
428 verbose linkStuff   false,
428 verbose linkStuff   false,
428 verbose linkStuff   '/Users/GOPI/test/node_modules/stanford-simple-nlp/node_modules' ]
429 info linkStuff coffee-script@1.7.1
430 verbose linkBins coffee-script@1.7.1
431 verbose link bins [ { coffee: './bin/coffee', cake: './bin/cake' },
431 verbose link bins   '/Users/GOPI/test/node_modules/stanford-simple-nlp/node_modules/.bin',
431 verbose link bins   false ]
432 verbose linkMans coffee-script@1.7.1
433 verbose rebuildBundles coffee-script@1.7.1
434 verbose rebuildBundles [ 'mkdirp' ]
435 info install coffee-script@1.7.1
436 info postinstall coffee-script@1.7.1
437 http 200 https://registry.npmjs.org/sax/-/sax-0.5.8.tgz
438 silly lockFile 83d4174f-stry-npmjs-org-sax-sax-0-5-8-tgz https://registry.npmjs.org/sax/-/sax-0.5.8.tgz
439 silly lockFile 83d4174f-stry-npmjs-org-sax-sax-0-5-8-tgz https://registry.npmjs.org/sax/-/sax-0.5.8.tgz
440 silly lockFile c9464f8a-sax-0-5-8 sax@0.5.8
441 silly lockFile c9464f8a-sax-0-5-8 sax@0.5.8
442 silly lockFile 6db52aec-sax-0-5-x sax@0.5.x
443 silly lockFile 6db52aec-sax-0-5-x sax@0.5.x
444 silly resolved [ { name: 'sax',
444 silly resolved     description: 'An evented streaming XML parser in JavaScript',
444 silly resolved     author:
444 silly resolved      { name: 'Isaac Z. Schlueter',
444 silly resolved        email: 'i@izs.me',
444 silly resolved        url: 'http://blog.izs.me/' },
444 silly resolved     version: '0.5.8',
444 silly resolved     main: 'lib/sax.js',
444 silly resolved     license: 'BSD',
444 silly resolved     scripts: { test: 'node test/index.js' },
444 silly resolved     repository: { type: 'git', url: 'git://github.com/isaacs/sax-js.git' },
444 silly resolved     contributors:
444 silly resolved      [ [Object],
444 silly resolved        [Object],
444 silly resolved        [Object],
444 silly resolved        [Object],
444 silly resolved        [Object],
444 silly resolved        [Object],
444 silly resolved        [Object],
444 silly resolved        [Object],
444 silly resolved        [Object] ],
444 silly resolved     bugs: { url: 'https://github.com/isaacs/sax-js/issues' },
444 silly resolved     homepage: 'https://github.com/isaacs/sax-js',
444 silly resolved     _id: 'sax@0.5.8',
444 silly resolved     dist:
444 silly resolved      { shasum: 'd472db228eb331c2506b0e8c15524adb939d12c1',
444 silly resolved        tarball: 'http://registry.npmjs.org/sax/-/sax-0.5.8.tgz' },
444 silly resolved     _from: 'sax@0.5.x',
444 silly resolved     _npmVersion: '1.3.15',
444 silly resolved     _npmUser: { name: 'isaacs', email: 'i@izs.me' },
444 silly resolved     maintainers: [ [Object] ],
444 silly resolved     directories: {},
444 silly resolved     _shasum: 'd472db228eb331c2506b0e8c15524adb939d12c1',
444 silly resolved     _resolved: 'https://registry.npmjs.org/sax/-/sax-0.5.8.tgz' } ]
445 info install sax@0.5.8 into /Users/GOPI/test/node_modules/stanford-simple-nlp/node_modules/xml2js
446 info installOne sax@0.5.8
447 info /Users/GOPI/test/node_modules/stanford-simple-nlp/node_modules/xml2js/node_modules/sax unbuild
448 verbose tar unpack /Users/GOPI/.npm/sax/0.5.8/package.tgz
449 silly lockFile f3c8fabc--modules-xml2js-node-modules-sax tar:///Users/GOPI/test/node_modules/stanford-simple-nlp/node_modules/xml2js/node_modules/sax
450 verbose lock tar:///Users/GOPI/test/node_modules/stanford-simple-nlp/node_modules/xml2js/node_modules/sax /Users/GOPI/.npm/f3c8fabc--modules-xml2js-node-modules-sax.lock
451 silly lockFile 963b7091-s-GOPI-npm-sax-0-5-8-package-tgz tar:///Users/GOPI/.npm/sax/0.5.8/package.tgz
452 verbose lock tar:///Users/GOPI/.npm/sax/0.5.8/package.tgz /Users/GOPI/.npm/963b7091-s-GOPI-npm-sax-0-5-8-package-tgz.lock
453 silly gunzTarPerm modes [ '755', '644' ]
454 silly gunzTarPerm extractEntry package.json
455 silly gunzTarPerm extractEntry README.md
456 silly gunzTarPerm extractEntry LICENSE
457 silly gunzTarPerm extractEntry AUTHORS
458 silly gunzTarPerm extractEntry LICENSE-W3C.html
459 silly gunzTarPerm extractEntry component.json
460 silly gunzTarPerm extractEntry examples/example.js
461 silly gunzTarPerm extractEntry examples/get-products.js
462 silly gunzTarPerm extractEntry examples/hello-world.js
463 silly gunzTarPerm extractEntry examples/pretty-print.js
464 silly gunzTarPerm extractEntry examples/big-not-pretty.xml
465 silly gunzTarPerm extractEntry examples/not-pretty.xml
466 silly gunzTarPerm extractEntry examples/shopping.xml
467 silly gunzTarPerm extractEntry examples/strict.dtd
468 silly gunzTarPerm extractEntry examples/test.html
469 silly gunzTarPerm extractEntry examples/test.xml
470 silly gunzTarPerm extractEntry lib/sax.js
471 silly gunzTarPerm extractEntry test/attribute-name.js
472 silly gunzTarPerm extractEntry test/issue-35.js
473 silly gunzTarPerm extractEntry test/issue-47.js
474 silly gunzTarPerm extractEntry test/issue-49.js
475 silly gunzTarPerm extractEntry test/issue-84.js
476 silly gunzTarPerm extractEntry test/issue-30.js
477 silly gunzTarPerm extractEntry test/script-close-better.js
478 silly gunzTarPerm extractEntry test/script.js
479 silly gunzTarPerm extractEntry test/self-closing-child-strict.js
480 silly gunzTarPerm extractEntry test/self-closing-child.js
481 silly gunzTarPerm extractEntry test/self-closing-tag.js
482 silly gunzTarPerm extractEntry test/issue-23.js
483 silly gunzTarPerm extractEntry test/stray-ending.js
484 silly gunzTarPerm extractEntry test/index.js
485 silly gunzTarPerm extractEntry test/trailing-attribute-no-value.js
486 silly gunzTarPerm extractEntry test/flush.js
487 silly gunzTarPerm extractEntry test/trailing-non-whitespace.js
488 silly gunzTarPerm extractEntry test/entity-mega.js
489 silly gunzTarPerm extractEntry test/unclosed-root.js
490 silly gunzTarPerm extractEntry test/entities.js
491 silly gunzTarPerm extractEntry test/unquoted.js
492 silly gunzTarPerm extractEntry test/end_empty_stream.js
493 silly gunzTarPerm extractEntry test/utf8-split.js
494 silly gunzTarPerm extractEntry test/duplicate-attribute.js
495 silly gunzTarPerm extractEntry test/xmlns-as-tag-name.js
496 silly gunzTarPerm extractEntry test/cyrillic.js
497 silly gunzTarPerm extractEntry test/xmlns-issue-41.js
498 silly gunzTarPerm extractEntry test/cdata.js
499 silly gunzTarPerm extractEntry test/xmlns-rebinding.js
500 silly gunzTarPerm extractEntry test/cdata-multiple.js
501 silly gunzTarPerm extractEntry test/xmlns-strict.js
502 silly gunzTarPerm extractEntry test/cdata-fake-end.js
503 silly gunzTarPerm extractEntry test/xmlns-unbound-element.js
504 silly gunzTarPerm extractEntry test/cdata-end-split.js
505 silly gunzTarPerm extractEntry test/xmlns-unbound.js
506 silly gunzTarPerm extractEntry test/cdata-chunked.js
507 silly gunzTarPerm extractEntry test/xmlns-xml-default-ns.js
508 silly gunzTarPerm extractEntry test/case.js
509 silly gunzTarPerm extractEntry test/xmlns-xml-default-prefix-attribute.js
510 silly gunzTarPerm extractEntry test/buffer-overrun.js
511 silly gunzTarPerm extractEntry test/xmlns-xml-default-prefix.js
512 silly gunzTarPerm extractEntry test/attribute-no-space.js
513 silly gunzTarPerm extractEntry test/xmlns-xml-default-redefine.js
514 silly gunzTarPerm extractEntry test/parser-position.js
515 silly lockFile f3c8fabc--modules-xml2js-node-modules-sax tar:///Users/GOPI/test/node_modules/stanford-simple-nlp/node_modules/xml2js/node_modules/sax
516 silly lockFile f3c8fabc--modules-xml2js-node-modules-sax tar:///Users/GOPI/test/node_modules/stanford-simple-nlp/node_modules/xml2js/node_modules/sax
517 silly lockFile 963b7091-s-GOPI-npm-sax-0-5-8-package-tgz tar:///Users/GOPI/.npm/sax/0.5.8/package.tgz
518 silly lockFile 963b7091-s-GOPI-npm-sax-0-5-8-package-tgz tar:///Users/GOPI/.npm/sax/0.5.8/package.tgz
519 info preinstall sax@0.5.8
520 verbose readDependencies using package.json deps
521 verbose readDependencies using package.json deps
522 silly resolved []
523 verbose about to build /Users/GOPI/test/node_modules/stanford-simple-nlp/node_modules/xml2js/node_modules/sax
524 info build /Users/GOPI/test/node_modules/stanford-simple-nlp/node_modules/xml2js/node_modules/sax
525 verbose linkStuff [ false,
525 verbose linkStuff   false,
525 verbose linkStuff   false,
525 verbose linkStuff   '/Users/GOPI/test/node_modules/stanford-simple-nlp/node_modules/xml2js/node_modules' ]
526 info linkStuff sax@0.5.8
527 verbose linkBins sax@0.5.8
528 verbose linkMans sax@0.5.8
529 verbose rebuildBundles sax@0.5.8
530 info install sax@0.5.8
531 info postinstall sax@0.5.8
532 verbose about to build /Users/GOPI/test/node_modules/stanford-simple-nlp/node_modules/xml2js
533 info build /Users/GOPI/test/node_modules/stanford-simple-nlp/node_modules/xml2js
534 verbose linkStuff [ false,
534 verbose linkStuff   false,
534 verbose linkStuff   false,
534 verbose linkStuff   '/Users/GOPI/test/node_modules/stanford-simple-nlp/node_modules' ]
535 info linkStuff xml2js@0.2.8
536 verbose linkBins xml2js@0.2.8
537 verbose linkMans xml2js@0.2.8
538 verbose rebuildBundles xml2js@0.2.8
539 verbose rebuildBundles [ 'sax' ]
540 info install xml2js@0.2.8
541 info postinstall xml2js@0.2.8
542 info java@0.2.9 Failed to exec install script
543 info /Users/GOPI/test/node_modules/stanford-simple-nlp/node_modules/java unbuild
544 info preuninstall java@0.2.9
545 info uninstall java@0.2.9
546 verbose false,/Users/GOPI/test/node_modules,/Users/GOPI/test/node_modules/stanford-simple-nlp/node_modules unbuild java@0.2.9
547 info postuninstall java@0.2.9
548 verbose about to build /Users/GOPI/test/node_modules/stanford-simple-nlp
549 info /Users/GOPI/test/node_modules/stanford-simple-nlp unbuild
550 info preuninstall stanford-simple-nlp@0.2.2
551 info uninstall stanford-simple-nlp@0.2.2
552 verbose true,/Users/GOPI/test/node_modules,/Users/GOPI/test/node_modules unbuild stanford-simple-nlp@0.2.2
553 info postuninstall stanford-simple-nlp@0.2.2
554 error java@0.2.9 install: `node-gyp rebuild`
554 error Exit status 1
555 error Failed at the java@0.2.9 install script.
555 error This is most likely a problem with the java package,
555 error not with npm itself.
555 error Tell the author that this fails on your system:
555 error     node-gyp rebuild
555 error You can get their info via:
555 error     npm owner ls java
555 error There is likely additional logging output above.
556 error System Darwin 14.0.0
557 error command "node" "/usr/local/bin/npm" "install" "stanford-simple-nlp"
558 error cwd /Users/GOPI/test
559 error node -v v0.10.29
560 error npm -v 1.4.14
561 error code ELIFECYCLE
562 verbose exit [ 1, true ]
